; M2 Assembler Listing File

; CODE:
[00000000]: CALL 0x0004                   ; Hex:  0x2F 0x00 0x04 0x00   Binary:  00101111 00000000 00000100 00000000
[00000004]: HALT                          ; Hex:  0x01 0x00 0x00 0x00   Binary:  00000001 00000000 00000000 00000000
[00000008]: PUSH FP                       ; Hex:  0x31 0xE0 0x00 0x00   Binary:  00110001 11100000 00000000 00000000
[0000000C]: CPY FP, SP                    ; Hex:  0x18 0xED 0x00 0x00   Binary:  00011000 11101101 00000000 00000000
[00000010]: ADDI SP, 0xFFF0               ; Hex:  0x05 0xD0 0xF0 0xFF   Binary:  00000101 11010000 11110000 11111111
[00000014]: LODI R0, 0x0188               ; Hex:  0x22 0x00 0x88 0x01   Binary:  00100010 00000000 10001000 00000001
[00000018]: CALL 0x0144                   ; Hex:  0x2F 0x00 0x44 0x01   Binary:  00101111 00000000 01000100 00000001
[0000001C]: CALL 0x0104                   ; Hex:  0x2F 0x00 0x04 0x01   Binary:  00101111 00000000 00000100 00000001
[00000020]: STOR *(FP-4), R0              ; Hex:  0x24 0xE0 0xFC 0xFF   Binary:  00100100 11100000 11111100 11111111
[00000024]: LODI R0, 0x018D               ; Hex:  0x22 0x00 0x8D 0x01   Binary:  00100010 00000000 10001101 00000001
[00000028]: CALL 0x0134                   ; Hex:  0x2F 0x00 0x34 0x01   Binary:  00101111 00000000 00110100 00000001
[0000002C]: CALL 0x00F4                   ; Hex:  0x2F 0x00 0xF4 0x00   Binary:  00101111 00000000 11110100 00000000
[00000030]: STOR *(FP-8), R0              ; Hex:  0x24 0xE0 0xF8 0xFF   Binary:  00100100 11100000 11111000 11111111
[00000034]: LODI R0, 0x0192               ; Hex:  0x22 0x00 0x92 0x01   Binary:  00100010 00000000 10010010 00000001
[00000038]: CALL 0x0124                   ; Hex:  0x2F 0x00 0x24 0x01   Binary:  00101111 00000000 00100100 00000001
[0000003C]: CALL 0x00E4                   ; Hex:  0x2F 0x00 0xE4 0x00   Binary:  00101111 00000000 11100100 00000000
[00000040]: STOR *(FP-12), R0             ; Hex:  0x24 0xE0 0xF4 0xFF   Binary:  00100100 11100000 11110100 11111111
[00000044]: LOD R1, *(FP-4)               ; Hex:  0x1F 0x1E 0xFC 0xFF   Binary:  00011111 00011110 11111100 11111111
[00000048]: LOD R2, *(FP-8)               ; Hex:  0x1F 0x2E 0xF8 0xFF   Binary:  00011111 00101110 11111000 11111111
[0000004C]: ADD R1, R2                    ; Hex:  0x04 0x12 0x00 0x00   Binary:  00000100 00010010 00000000 00000000
[00000050]: LOD R2, *(FP-12)              ; Hex:  0x1F 0x2E 0xF4 0xFF   Binary:  00011111 00101110 11110100 11111111
[00000054]: ADD R1, R2                    ; Hex:  0x04 0x12 0x00 0x00   Binary:  00000100 00010010 00000000 00000000
[00000058]: LODI R2, 0x0003               ; Hex:  0x22 0x20 0x03 0x00   Binary:  00100010 00100000 00000011 00000000
[0000005C]: DIV R1, R2                    ; Hex:  0x08 0x12 0x00 0x00   Binary:  00001000 00010010 00000000 00000000
[00000060]: STOR *(FP-16), R1             ; Hex:  0x24 0xE1 0xF0 0xFF   Binary:  00100100 11100001 11110000 11111111
[00000064]: LODI R0, 0x0197               ; Hex:  0x22 0x00 0x97 0x01   Binary:  00100010 00000000 10010111 00000001
[00000068]: CALL 0x00F4                   ; Hex:  0x2F 0x00 0xF4 0x00   Binary:  00101111 00000000 11110100 00000000
[0000006C]: LOD R0, *(FP-16)              ; Hex:  0x1F 0x0E 0xF0 0xFF   Binary:  00011111 00001110 11110000 11111111
[00000070]: CALL 0x009C                   ; Hex:  0x2F 0x00 0x9C 0x00   Binary:  00101111 00000000 10011100 00000000
[00000074]: CALL 0x0080                   ; Hex:  0x2F 0x00 0x80 0x00   Binary:  00101111 00000000 10000000 00000000
[00000078]: LOD R3, *(FP-16)              ; Hex:  0x1F 0x3E 0xF0 0xFF   Binary:  00011111 00111110 11110000 11111111
[0000007C]: CMPI R3, 0x0004               ; Hex:  0x1D 0x30 0x04 0x00   Binary:  00011101 00110000 00000100 00000000
[00000080]: JGE 0x0010                    ; Hex:  0x2D 0x00 0x10 0x00   Binary:  00101101 00000000 00010000 00000000
[00000084]: LODI R0, 0x019F               ; Hex:  0x22 0x00 0x9F 0x01   Binary:  00100010 00000000 10011111 00000001
[00000088]: CALL 0x00D4                   ; Hex:  0x2F 0x00 0xD4 0x00   Binary:  00101111 00000000 11010100 00000000
[0000008C]: CALL 0x0068                   ; Hex:  0x2F 0x00 0x68 0x00   Binary:  00101111 00000000 01101000 00000000
[00000090]: JMP 0x0030                    ; Hex:  0x27 0x00 0x30 0x00   Binary:  00100111 00000000 00110000 00000000
[00000094]: LOD R3, *(FP-16)              ; Hex:  0x1F 0x3E 0xF0 0xFF   Binary:  00011111 00111110 11110000 11111111
[00000098]: CMPI R3, 0x0007               ; Hex:  0x1D 0x30 0x07 0x00   Binary:  00011101 00110000 00000111 00000000
[0000009C]: JGE 0x0010                    ; Hex:  0x2D 0x00 0x10 0x00   Binary:  00101101 00000000 00010000 00000000
[000000A0]: LODI R0, 0x01AA               ; Hex:  0x22 0x00 0xAA 0x01   Binary:  00100010 00000000 10101010 00000001
[000000A4]: CALL 0x00B8                   ; Hex:  0x2F 0x00 0xB8 0x00   Binary:  00101111 00000000 10111000 00000000
[000000A8]: CALL 0x004C                   ; Hex:  0x2F 0x00 0x4C 0x00   Binary:  00101111 00000000 01001100 00000000
[000000AC]: JMP 0x0010                    ; Hex:  0x27 0x00 0x10 0x00   Binary:  00100111 00000000 00010000 00000000
[000000B0]: LODI R0, 0x01B1               ; Hex:  0x22 0x00 0xB1 0x01   Binary:  00100010 00000000 10110001 00000001
[000000B4]: CALL 0x00A8                   ; Hex:  0x2F 0x00 0xA8 0x00   Binary:  00101111 00000000 10101000 00000000
[000000B8]: CALL 0x003C                   ; Hex:  0x2F 0x00 0x3C 0x00   Binary:  00101111 00000000 00111100 00000000
[000000BC]: JMP 0x0000                    ; Hex:  0x27 0x00 0x00 0x00   Binary:  00100111 00000000 00000000 00000000
[000000C0]: JMP 0x0000                    ; Hex:  0x27 0x00 0x00 0x00   Binary:  00100111 00000000 00000000 00000000
[000000C4]: CPY SP, FP                    ; Hex:  0x18 0xDE 0x00 0x00   Binary:  00011000 11011110 00000000 00000000
[000000C8]: POP FP                        ; Hex:  0x32 0xE0 0x00 0x00   Binary:  00110010 11100000 00000000 00000000
[000000CC]: RET                           ; Hex:  0x30 0x00 0x00 0x00   Binary:  00110000 00000000 00000000 00000000
[000000D0]: PUSH IR                       ; Hex:  0x31 0x70 0x00 0x00   Binary:  00110001 01110000 00000000 00000000
[000000D4]: LODI IR, 0x0000               ; Hex:  0x22 0x70 0x00 0x00   Binary:  00100010 01110000 00000000 00000000
[000000D8]: INT 0x0001                    ; Hex:  0x2E 0x00 0x01 0x00   Binary:  00101110 00000000 00000001 00000000
[000000DC]: POP IR                        ; Hex:  0x32 0x70 0x00 0x00   Binary:  00110010 01110000 00000000 00000000
[000000E0]: RET                           ; Hex:  0x30 0x00 0x00 0x00   Binary:  00110000 00000000 00000000 00000000
[000000E4]: PUSH IR                       ; Hex:  0x31 0x70 0x00 0x00   Binary:  00110001 01110000 00000000 00000000
[000000E8]: LODI IR, 0x0001               ; Hex:  0x22 0x70 0x01 0x00   Binary:  00100010 01110000 00000001 00000000
[000000EC]: INT 0x0001                    ; Hex:  0x2E 0x00 0x01 0x00   Binary:  00101110 00000000 00000001 00000000
[000000F0]: POP IR                        ; Hex:  0x32 0x70 0x00 0x00   Binary:  00110010 01110000 00000000 00000000
[000000F4]: RET                           ; Hex:  0x30 0x00 0x00 0x00   Binary:  00110000 00000000 00000000 00000000
[000000F8]: LODI R0, 0x000A               ; Hex:  0x22 0x00 0x0A 0x00   Binary:  00100010 00000000 00001010 00000000
[000000FC]: PUSH IR                       ; Hex:  0x31 0x70 0x00 0x00   Binary:  00110001 01110000 00000000 00000000
[00000100]: LODI IR, 0x0000               ; Hex:  0x22 0x70 0x00 0x00   Binary:  00100010 01110000 00000000 00000000
[00000104]: INT 0x0001                    ; Hex:  0x2E 0x00 0x01 0x00   Binary:  00101110 00000000 00000001 00000000
[00000108]: POP IR                        ; Hex:  0x32 0x70 0x00 0x00   Binary:  00110010 01110000 00000000 00000000
[0000010C]: RET                           ; Hex:  0x30 0x00 0x00 0x00   Binary:  00110000 00000000 00000000 00000000
[00000110]: PUSH IR                       ; Hex:  0x31 0x70 0x00 0x00   Binary:  00110001 01110000 00000000 00000000
[00000114]: LODI IR, 0x0002               ; Hex:  0x22 0x70 0x02 0x00   Binary:  00100010 01110000 00000010 00000000
[00000118]: INT 0x0001                    ; Hex:  0x2E 0x00 0x01 0x00   Binary:  00101110 00000000 00000001 00000000
[0000011C]: POP IR                        ; Hex:  0x32 0x70 0x00 0x00   Binary:  00110010 01110000 00000000 00000000
[00000120]: RET                           ; Hex:  0x30 0x00 0x00 0x00   Binary:  00110000 00000000 00000000 00000000
[00000124]: PUSH IR                       ; Hex:  0x31 0x70 0x00 0x00   Binary:  00110001 01110000 00000000 00000000
[00000128]: LODI IR, 0x0003               ; Hex:  0x22 0x70 0x03 0x00   Binary:  00100010 01110000 00000011 00000000
[0000012C]: INT 0x0001                    ; Hex:  0x2E 0x00 0x01 0x00   Binary:  00101110 00000000 00000001 00000000
[00000130]: POP IR                        ; Hex:  0x32 0x70 0x00 0x00   Binary:  00110010 01110000 00000000 00000000
[00000134]: RET                           ; Hex:  0x30 0x00 0x00 0x00   Binary:  00110000 00000000 00000000 00000000
[00000138]: PUSH IR                       ; Hex:  0x31 0x70 0x00 0x00   Binary:  00110001 01110000 00000000 00000000
[0000013C]: LODI IR, 0x0004               ; Hex:  0x22 0x70 0x04 0x00   Binary:  00100010 01110000 00000100 00000000
[00000140]: INT 0x0001                    ; Hex:  0x2E 0x00 0x01 0x00   Binary:  00101110 00000000 00000001 00000000
[00000144]: POP IR                        ; Hex:  0x32 0x70 0x00 0x00   Binary:  00110010 01110000 00000000 00000000
[00000148]: RET                           ; Hex:  0x30 0x00 0x00 0x00   Binary:  00110000 00000000 00000000 00000000
[0000014C]: PUSH IR                       ; Hex:  0x31 0x70 0x00 0x00   Binary:  00110001 01110000 00000000 00000000
[00000150]: LODI IR, 0x0005               ; Hex:  0x22 0x70 0x05 0x00   Binary:  00100010 01110000 00000101 00000000
[00000154]: INT 0x0001                    ; Hex:  0x2E 0x00 0x01 0x00   Binary:  00101110 00000000 00000001 00000000
[00000158]: POP IR                        ; Hex:  0x32 0x70 0x00 0x00   Binary:  00110010 01110000 00000000 00000000
[0000015C]: RET                           ; Hex:  0x30 0x00 0x00 0x00   Binary:  00110000 00000000 00000000 00000000
[00000160]: PUSH IR                       ; Hex:  0x31 0x70 0x00 0x00   Binary:  00110001 01110000 00000000 00000000
[00000164]: LODI IR, 0x0006               ; Hex:  0x22 0x70 0x06 0x00   Binary:  00100010 01110000 00000110 00000000
[00000168]: INT 0x0001                    ; Hex:  0x2E 0x00 0x01 0x00   Binary:  00101110 00000000 00000001 00000000
[0000016C]: POP IR                        ; Hex:  0x32 0x70 0x00 0x00   Binary:  00110010 01110000 00000000 00000000
[00000170]: RET                           ; Hex:  0x30 0x00 0x00 0x00   Binary:  00110000 00000000 00000000 00000000
[00000174]: PUSH IR                       ; Hex:  0x31 0x70 0x00 0x00   Binary:  00110001 01110000 00000000 00000000
[00000178]: LODI IR, 0x0007               ; Hex:  0x22 0x70 0x07 0x00   Binary:  00100010 01110000 00000111 00000000
[0000017C]: INT 0x0001                    ; Hex:  0x2E 0x00 0x01 0x00   Binary:  00101110 00000000 00000001 00000000
[00000180]: POP IR                        ; Hex:  0x32 0x70 0x00 0x00   Binary:  00110010 01110000 00000000 00000000
[00000184]: RET                           ; Hex:  0x30 0x00 0x00 0x00   Binary:  00110000 00000000 00000000 00000000

; DATA:
[00000188]: ARRAY = [ARRAY = [BYTE = 0x6E, BYTE = 0x31, BYTE = 0x3F, BYTE = 0x20], BYTE = 0x00]
[0000018D]: ARRAY = [ARRAY = [BYTE = 0x6E, BYTE = 0x32, BYTE = 0x3F, BYTE = 0x20], BYTE = 0x00]
[00000192]: ARRAY = [ARRAY = [BYTE = 0x6E, BYTE = 0x33, BYTE = 0x3F, BYTE = 0x20], BYTE = 0x00]
[00000197]: ARRAY = [ARRAY = [BYTE = 0x4D, BYTE = 0x65, BYTE = 0x64, BYTE = 0x69, BYTE = 0x61, BYTE = 0x3A, BYTE = 0x20], BYTE = 0x00]
[0000019F]: ARRAY = [ARRAY = [BYTE = 0x52, BYTE = 0x65, BYTE = 0x70, BYTE = 0x72, BYTE = 0x6F, BYTE = 0x76, BYTE = 0x61, BYTE = 0x64, BYTE = 0x6F, BYTE = 0x2E], BYTE = 0x00]
[000001AA]: ARRAY = [ARRAY = [BYTE = 0x46, BYTE = 0x69, BYTE = 0x6E, BYTE = 0x61, BYTE = 0x6C, BYTE = 0x2E], BYTE = 0x00]
[000001B1]: ARRAY = [ARRAY = [BYTE = 0x41, BYTE = 0x70, BYTE = 0x72, BYTE = 0x6F, BYTE = 0x76, BYTE = 0x61, BYTE = 0x64, BYTE = 0x6F, BYTE = 0x2E], BYTE = 0x00]

Symbol Table: [[@start @ 0x00000008 : CODE], [@L1 @ 0x00000094 : CODE], [@L3 @ 0x000000B0 : CODE], [@L4 @ 0x000000C0 : CODE], [@L2 @ 0x000000C4 : CODE], [@write_char @ 0x000000D0 : CODE], [@read_char @ 0x000000E4 : CODE], [@write_nl @ 0x000000F8 : CODE], [@write_int @ 0x00000110 : CODE], [@read_int @ 0x00000124 : CODE], [@write_float @ 0x00000138 : CODE], [@read_float @ 0x0000014C : CODE], [@write_text @ 0x00000160 : CODE], [@read_text @ 0x00000174 : CODE], [@$STR1 @ 0x00000188 : DATA], [@$STR2 @ 0x0000018D : DATA], [@$STR3 @ 0x00000192 : DATA], [@$STR4 @ 0x00000197 : DATA], [@$STR5 @ 0x0000019F : DATA], [@$STR6 @ 0x000001AA : DATA], [@$STR7 @ 0x000001B1 : DATA]]
Code size: 392 bytes.
Data size: 51 bytes.
MACROS:
[_STD_FUNCTION [funcNum]]