; M2 Assembler Listing File

; CODE:
[00000000]: CALL 0x004C                   ; Hex:  0x2F 0x00 0x4C 0x00   Binary:  00101111 00000000 01001100 00000000
[00000004]: HALT                          ; Hex:  0x01 0x00 0x00 0x00   Binary:  00000001 00000000 00000000 00000000
[00000008]: PUSH FP                       ; Hex:  0x31 0xE0 0x00 0x00   Binary:  00110001 11100000 00000000 00000000
[0000000C]: CPY FP, SP                    ; Hex:  0x18 0xED 0x00 0x00   Binary:  00011000 11101101 00000000 00000000
[00000010]: LOD R0, *(FP+8)               ; Hex:  0x1F 0x0E 0x08 0x00   Binary:  00011111 00001110 00001000 00000000
[00000014]: CMPI R0, 0x0000               ; Hex:  0x1D 0x00 0x00 0x00   Binary:  00011101 00000000 00000000 00000000
[00000018]: JLE 0x0028                    ; Hex:  0x2B 0x00 0x28 0x00   Binary:  00101011 00000000 00101000 00000000
[0000001C]: LODI R0, 0x0128               ; Hex:  0x22 0x00 0x28 0x01   Binary:  00100010 00000000 00101000 00000001
[00000020]: CALL 0x00DC                   ; Hex:  0x2F 0x00 0xDC 0x00   Binary:  00101111 00000000 11011100 00000000
[00000024]: LOD R0, *(FP+8)               ; Hex:  0x1F 0x0E 0x08 0x00   Binary:  00011111 00001110 00001000 00000000
[00000028]: CALL 0x0084                   ; Hex:  0x2F 0x00 0x84 0x00   Binary:  00101111 00000000 10000100 00000000
[0000002C]: CALL 0x0068                   ; Hex:  0x2F 0x00 0x68 0x00   Binary:  00101111 00000000 01101000 00000000
[00000030]: LOD R1, *(FP+8)               ; Hex:  0x1F 0x1E 0x08 0x00   Binary:  00011111 00011110 00001000 00000000
[00000034]: LODI R2, 0x0001               ; Hex:  0x22 0x20 0x01 0x00   Binary:  00100010 00100000 00000001 00000000
[00000038]: SUB R1, R2                    ; Hex:  0x06 0x12 0x00 0x00   Binary:  00000110 00010010 00000000 00000000
[0000003C]: STOR *(FP+8), R1              ; Hex:  0x24 0xE1 0x08 0x00   Binary:  00100100 11100001 00001000 00000000
[00000040]: JMP 0xFFCC                    ; Hex:  0x27 0x00 0xCC 0xFF   Binary:  00100111 00000000 11001100 11111111
[00000044]: CPY SP, FP                    ; Hex:  0x18 0xDE 0x00 0x00   Binary:  00011000 11011110 00000000 00000000
[00000048]: POP FP                        ; Hex:  0x32 0xE0 0x00 0x00   Binary:  00110010 11100000 00000000 00000000
[0000004C]: RET                           ; Hex:  0x30 0x00 0x00 0x00   Binary:  00110000 00000000 00000000 00000000
[00000050]: PUSH FP                       ; Hex:  0x31 0xE0 0x00 0x00   Binary:  00110001 11100000 00000000 00000000
[00000054]: CPY FP, SP                    ; Hex:  0x18 0xED 0x00 0x00   Binary:  00011000 11101101 00000000 00000000
[00000058]: LODI R1, 0x0005               ; Hex:  0x22 0x10 0x05 0x00   Binary:  00100010 00010000 00000101 00000000
[0000005C]: PUSH R1                       ; Hex:  0x31 0x10 0x00 0x00   Binary:  00110001 00010000 00000000 00000000
[00000060]: CALL 0xFFA4                   ; Hex:  0x2F 0x00 0xA4 0xFF   Binary:  00101111 00000000 10100100 11111111
[00000064]: CPY SP, FP                    ; Hex:  0x18 0xDE 0x00 0x00   Binary:  00011000 11011110 00000000 00000000
[00000068]: POP FP                        ; Hex:  0x32 0xE0 0x00 0x00   Binary:  00110010 11100000 00000000 00000000
[0000006C]: RET                           ; Hex:  0x30 0x00 0x00 0x00   Binary:  00110000 00000000 00000000 00000000
[00000070]: PUSH IR                       ; Hex:  0x31 0x70 0x00 0x00   Binary:  00110001 01110000 00000000 00000000
[00000074]: LODI IR, 0x0000               ; Hex:  0x22 0x70 0x00 0x00   Binary:  00100010 01110000 00000000 00000000
[00000078]: INT 0x0001                    ; Hex:  0x2E 0x00 0x01 0x00   Binary:  00101110 00000000 00000001 00000000
[0000007C]: POP IR                        ; Hex:  0x32 0x70 0x00 0x00   Binary:  00110010 01110000 00000000 00000000
[00000080]: RET                           ; Hex:  0x30 0x00 0x00 0x00   Binary:  00110000 00000000 00000000 00000000
[00000084]: PUSH IR                       ; Hex:  0x31 0x70 0x00 0x00   Binary:  00110001 01110000 00000000 00000000
[00000088]: LODI IR, 0x0001               ; Hex:  0x22 0x70 0x01 0x00   Binary:  00100010 01110000 00000001 00000000
[0000008C]: INT 0x0001                    ; Hex:  0x2E 0x00 0x01 0x00   Binary:  00101110 00000000 00000001 00000000
[00000090]: POP IR                        ; Hex:  0x32 0x70 0x00 0x00   Binary:  00110010 01110000 00000000 00000000
[00000094]: RET                           ; Hex:  0x30 0x00 0x00 0x00   Binary:  00110000 00000000 00000000 00000000
[00000098]: LODI R0, 0x000A               ; Hex:  0x22 0x00 0x0A 0x00   Binary:  00100010 00000000 00001010 00000000
[0000009C]: PUSH IR                       ; Hex:  0x31 0x70 0x00 0x00   Binary:  00110001 01110000 00000000 00000000
[000000A0]: LODI IR, 0x0000               ; Hex:  0x22 0x70 0x00 0x00   Binary:  00100010 01110000 00000000 00000000
[000000A4]: INT 0x0001                    ; Hex:  0x2E 0x00 0x01 0x00   Binary:  00101110 00000000 00000001 00000000
[000000A8]: POP IR                        ; Hex:  0x32 0x70 0x00 0x00   Binary:  00110010 01110000 00000000 00000000
[000000AC]: RET                           ; Hex:  0x30 0x00 0x00 0x00   Binary:  00110000 00000000 00000000 00000000
[000000B0]: PUSH IR                       ; Hex:  0x31 0x70 0x00 0x00   Binary:  00110001 01110000 00000000 00000000
[000000B4]: LODI IR, 0x0002               ; Hex:  0x22 0x70 0x02 0x00   Binary:  00100010 01110000 00000010 00000000
[000000B8]: INT 0x0001                    ; Hex:  0x2E 0x00 0x01 0x00   Binary:  00101110 00000000 00000001 00000000
[000000BC]: POP IR                        ; Hex:  0x32 0x70 0x00 0x00   Binary:  00110010 01110000 00000000 00000000
[000000C0]: RET                           ; Hex:  0x30 0x00 0x00 0x00   Binary:  00110000 00000000 00000000 00000000
[000000C4]: PUSH IR                       ; Hex:  0x31 0x70 0x00 0x00   Binary:  00110001 01110000 00000000 00000000
[000000C8]: LODI IR, 0x0003               ; Hex:  0x22 0x70 0x03 0x00   Binary:  00100010 01110000 00000011 00000000
[000000CC]: INT 0x0001                    ; Hex:  0x2E 0x00 0x01 0x00   Binary:  00101110 00000000 00000001 00000000
[000000D0]: POP IR                        ; Hex:  0x32 0x70 0x00 0x00   Binary:  00110010 01110000 00000000 00000000
[000000D4]: RET                           ; Hex:  0x30 0x00 0x00 0x00   Binary:  00110000 00000000 00000000 00000000
[000000D8]: PUSH IR                       ; Hex:  0x31 0x70 0x00 0x00   Binary:  00110001 01110000 00000000 00000000
[000000DC]: LODI IR, 0x0004               ; Hex:  0x22 0x70 0x04 0x00   Binary:  00100010 01110000 00000100 00000000
[000000E0]: INT 0x0001                    ; Hex:  0x2E 0x00 0x01 0x00   Binary:  00101110 00000000 00000001 00000000
[000000E4]: POP IR                        ; Hex:  0x32 0x70 0x00 0x00   Binary:  00110010 01110000 00000000 00000000
[000000E8]: RET                           ; Hex:  0x30 0x00 0x00 0x00   Binary:  00110000 00000000 00000000 00000000
[000000EC]: PUSH IR                       ; Hex:  0x31 0x70 0x00 0x00   Binary:  00110001 01110000 00000000 00000000
[000000F0]: LODI IR, 0x0005               ; Hex:  0x22 0x70 0x05 0x00   Binary:  00100010 01110000 00000101 00000000
[000000F4]: INT 0x0001                    ; Hex:  0x2E 0x00 0x01 0x00   Binary:  00101110 00000000 00000001 00000000
[000000F8]: POP IR                        ; Hex:  0x32 0x70 0x00 0x00   Binary:  00110010 01110000 00000000 00000000
[000000FC]: RET                           ; Hex:  0x30 0x00 0x00 0x00   Binary:  00110000 00000000 00000000 00000000
[00000100]: PUSH IR                       ; Hex:  0x31 0x70 0x00 0x00   Binary:  00110001 01110000 00000000 00000000
[00000104]: LODI IR, 0x0006               ; Hex:  0x22 0x70 0x06 0x00   Binary:  00100010 01110000 00000110 00000000
[00000108]: INT 0x0001                    ; Hex:  0x2E 0x00 0x01 0x00   Binary:  00101110 00000000 00000001 00000000
[0000010C]: POP IR                        ; Hex:  0x32 0x70 0x00 0x00   Binary:  00110010 01110000 00000000 00000000
[00000110]: RET                           ; Hex:  0x30 0x00 0x00 0x00   Binary:  00110000 00000000 00000000 00000000
[00000114]: PUSH IR                       ; Hex:  0x31 0x70 0x00 0x00   Binary:  00110001 01110000 00000000 00000000
[00000118]: LODI IR, 0x0007               ; Hex:  0x22 0x70 0x07 0x00   Binary:  00100010 01110000 00000111 00000000
[0000011C]: INT 0x0001                    ; Hex:  0x2E 0x00 0x01 0x00   Binary:  00101110 00000000 00000001 00000000
[00000120]: POP IR                        ; Hex:  0x32 0x70 0x00 0x00   Binary:  00110010 01110000 00000000 00000000
[00000124]: RET                           ; Hex:  0x30 0x00 0x00 0x00   Binary:  00110000 00000000 00000000 00000000

; DATA:
[00000128]: ARRAY = [ARRAY = [BYTE = 0x69, BYTE = 0x20, BYTE = 0x3D, BYTE = 0x20], BYTE = 0x00]

Symbol Table: [[@countdown @ 0x00000008 : CODE], [@L1 @ 0x00000010 : CODE], [@L2 @ 0x00000044 : CODE], [@start @ 0x00000050 : CODE], [@write_char @ 0x00000070 : CODE], [@read_char @ 0x00000084 : CODE], [@write_nl @ 0x00000098 : CODE], [@write_int @ 0x000000B0 : CODE], [@read_int @ 0x000000C4 : CODE], [@write_float @ 0x000000D8 : CODE], [@read_float @ 0x000000EC : CODE], [@write_text @ 0x00000100 : CODE], [@read_text @ 0x00000114 : CODE], [@$TEXT1 @ 0x00000128 : DATA]]
Code size: 296 bytes.
Data size: 5 bytes.
MACROS:
[_STD_FUNCTION [funcNum]]