; M2 Assembler Listing File

; CODE:
[00000000]: LODI R0, 0x0074               ; Hex:  0x22 0x00 0x74 0x00   Binary:  00100010 00000000 01110100 00000000
[00000004]: CALL 0x0058                   ; Hex:  0x2F 0x00 0x58 0x00   Binary:  00101111 00000000 01011000 00000000
[00000008]: STORF *(DT+25), F0            ; Hex:  0x26 0x90 0x19 0x00   Binary:  00100110 10010000 00011001 00000000
[0000000C]: LODI R0, 0x0078               ; Hex:  0x22 0x00 0x78 0x00   Binary:  00100010 00000000 01111000 00000000
[00000010]: CALL 0x004C                   ; Hex:  0x2F 0x00 0x4C 0x00   Binary:  00101111 00000000 01001100 00000000
[00000014]: STORF *(DT+29), F0            ; Hex:  0x26 0x90 0x1D 0x00   Binary:  00100110 10010000 00011101 00000000
[00000018]: LODI R0, 0x007C               ; Hex:  0x22 0x00 0x7C 0x00   Binary:  00100010 00000000 01111100 00000000
[0000001C]: CALL 0x0040                   ; Hex:  0x2F 0x00 0x40 0x00   Binary:  00101111 00000000 01000000 00000000
[00000020]: STORF *(DT+33), F0            ; Hex:  0x26 0x90 0x21 0x00   Binary:  00100110 10010000 00100001 00000000
[00000024]: LODF F0, *(DT+25)             ; Hex:  0x21 0x09 0x19 0x00   Binary:  00100001 00001001 00011001 00000000
[00000028]: LODF F1, *(DT+29)             ; Hex:  0x21 0x19 0x1D 0x00   Binary:  00100001 00011001 00011101 00000000
[0000002C]: LODF F2, *(DT+33)             ; Hex:  0x21 0x29 0x21 0x00   Binary:  00100001 00101001 00100001 00000000
[00000030]: MULF F1, F1                   ; Hex:  0x0C 0x11 0x00 0x00   Binary:  00001100 00010001 00000000 00000000
[00000034]: LODF F3, *(DT+21)             ; Hex:  0x21 0x39 0x15 0x00   Binary:  00100001 00111001 00010101 00000000
[00000038]: MULF F0, F3                   ; Hex:  0x0C 0x03 0x00 0x00   Binary:  00001100 00000011 00000000 00000000
[0000003C]: MULF F0, F2                   ; Hex:  0x0C 0x02 0x00 0x00   Binary:  00001100 00000010 00000000 00000000
[00000040]: SUBF F1, F0                   ; Hex:  0x0B 0x10 0x00 0x00   Binary:  00001011 00010000 00000000 00000000
[00000044]: LODI R0, 0x0080               ; Hex:  0x22 0x00 0x80 0x00   Binary:  00100010 00000000 10000000 00000000
[00000048]: LODI IR, 0x0006               ; Hex:  0x22 0x70 0x06 0x00   Binary:  00100010 01110000 00000110 00000000
[0000004C]: INT 0x0001                    ; Hex:  0x2E 0x00 0x01 0x00   Binary:  00101110 00000000 00000001 00000000
[00000050]: CPYF F0, F1                   ; Hex:  0x19 0x01 0x00 0x00   Binary:  00011001 00000001 00000000 00000000
[00000054]: LODI IR, 0x0004               ; Hex:  0x22 0x70 0x04 0x00   Binary:  00100010 01110000 00000100 00000000
[00000058]: INT 0x0001                    ; Hex:  0x2E 0x00 0x01 0x00   Binary:  00101110 00000000 00000001 00000000
[0000005C]: HALT                          ; Hex:  0x01 0x00 0x00 0x00   Binary:  00000001 00000000 00000000 00000000
[00000060]: LODI IR, 0x0006               ; Hex:  0x22 0x70 0x06 0x00   Binary:  00100010 01110000 00000110 00000000
[00000064]: INT 0x0001                    ; Hex:  0x2E 0x00 0x01 0x00   Binary:  00101110 00000000 00000001 00000000
[00000068]: LODI IR, 0x0005               ; Hex:  0x22 0x70 0x05 0x00   Binary:  00100010 01110000 00000101 00000000
[0000006C]: INT 0x0001                    ; Hex:  0x2E 0x00 0x01 0x00   Binary:  00101110 00000000 00000001 00000000
[00000070]: RET                           ; Hex:  0x30 0x00 0x00 0x00   Binary:  00110000 00000000 00000000 00000000

; DATA:
[00000074]: ARRAY = [BYTE = 0x61, BYTE = 0x3F, BYTE = 0x20]
[00000077]: BYTE = 0x00
[00000078]: ARRAY = [BYTE = 0x62, BYTE = 0x3F, BYTE = 0x20]
[0000007B]: BYTE = 0x00
[0000007C]: ARRAY = [BYTE = 0x63, BYTE = 0x3F, BYTE = 0x20]
[0000007F]: BYTE = 0x00
[00000080]: ARRAY = [BYTE = 0x64, BYTE = 0x65, BYTE = 0x6C, BYTE = 0x74, BYTE = 0x61, BYTE = 0x20, BYTE = 0x3D, BYTE = 0x20]
[00000088]: BYTE = 0x00
[00000089]: WORD = 1082130432
[0000008D]: WORD = 0
[00000091]: WORD = 0
[00000095]: WORD = 0

Symbol Table: [[@READF @ 0x00000060 : CODE], [@PROMPT_A @ 0x00000074 : DATA], [@PROMPT_B @ 0x00000078 : DATA], [@PROMPT_C @ 0x0000007C : DATA], [@RES_STR @ 0x00000080 : DATA], [@FOUR @ 0x00000089 : DATA], [@A @ 0x0000008D : DATA], [@B @ 0x00000091 : DATA], [@C @ 0x00000095 : DATA]]
Code size: 116 bytes.
Data size: 37 bytes.