; M2 Assembler Listing File

; CODE:
[00000000]: CALL 0x0004                   ; Hex:  0x2F 0x00 0x04 0x00   Binary:  00101111 00000000 00000100 00000000
[00000004]: HALT                          ; Hex:  0x01 0x00 0x00 0x00   Binary:  00000001 00000000 00000000 00000000
[00000008]: PUSH FP                       ; Hex:  0x31 0xE0 0x00 0x00   Binary:  00110001 11100000 00000000 00000000
[0000000C]: CPY FP, SP                    ; Hex:  0x18 0xED 0x00 0x00   Binary:  00011000 11101101 00000000 00000000
[00000010]: ADDI SP, 0xFFFC               ; Hex:  0x05 0xD0 0xFC 0xFF   Binary:  00000101 11010000 11111100 11111111
[00000014]: LODI R0, 0x0133               ; Hex:  0x22 0x00 0x33 0x01   Binary:  00100010 00000000 00110011 00000001
[00000018]: CALL 0x00D4                   ; Hex:  0x2F 0x00 0xD4 0x00   Binary:  00101111 00000000 11010100 00000000
[0000001C]: CALL 0x00C4                   ; Hex:  0x2F 0x00 0xC4 0x00   Binary:  00101111 00000000 11000100 00000000
[00000020]: STORF *(FP-4), F0             ; Hex:  0x26 0xE0 0xFC 0xFF   Binary:  00100110 11100000 11111100 11111111
[00000024]: LODF F1, 0x0002               ; Hex:  0x21 0x10 0x02 0x00   Binary:  00100001 00010000 00000010 00000000
[00000028]: LODF F2, *(FP-4)              ; Hex:  0x21 0x2E 0xFC 0xFF   Binary:  00100001 00101110 11111100 11111111
[0000002C]: MULF F1, F2                   ; Hex:  0x0C 0x12 0x00 0x00   Binary:  00001100 00010010 00000000 00000000
[00000030]: LODI R0, 0x0144               ; Hex:  0x22 0x00 0x44 0x01   Binary:  00100010 00000000 01000100 00000001
[00000034]: CALL 0x00B8                   ; Hex:  0x2F 0x00 0xB8 0x00   Binary:  00101111 00000000 10111000 00000000
[00000038]: LODF F0, *(FP-4)              ; Hex:  0x21 0x0E 0xFC 0xFF   Binary:  00100001 00001110 11111100 11111111
[0000003C]: CALL 0x007C                   ; Hex:  0x2F 0x00 0x7C 0x00   Binary:  00101111 00000000 01111100 00000000
[00000040]: LODI R0, 0x0149               ; Hex:  0x22 0x00 0x49 0x01   Binary:  00100010 00000000 01001001 00000001
[00000044]: CALL 0x00A8                   ; Hex:  0x2F 0x00 0xA8 0x00   Binary:  00101111 00000000 10101000 00000000
[00000048]: CPY R0, R1                    ; Hex:  0x18 0x01 0x00 0x00   Binary:  00011000 00000001 00000000 00000000
[0000004C]: CALL 0x006C                   ; Hex:  0x2F 0x00 0x6C 0x00   Binary:  00101111 00000000 01101100 00000000
[00000050]: CALL 0x0024                   ; Hex:  0x2F 0x00 0x24 0x00   Binary:  00101111 00000000 00100100 00000000
[00000054]: CPY SP, FP                    ; Hex:  0x18 0xDE 0x00 0x00   Binary:  00011000 11011110 00000000 00000000
[00000058]: POP FP                        ; Hex:  0x32 0xE0 0x00 0x00   Binary:  00110010 11100000 00000000 00000000
[0000005C]: RET                           ; Hex:  0x30 0x00 0x00 0x00   Binary:  00110000 00000000 00000000 00000000
[00000060]: LODI IR, 0x0000               ; Hex:  0x22 0x70 0x00 0x00   Binary:  00100010 01110000 00000000 00000000
[00000064]: INT 0x0001                    ; Hex:  0x2E 0x00 0x01 0x00   Binary:  00101110 00000000 00000001 00000000
[00000068]: RET                           ; Hex:  0x30 0x00 0x00 0x00   Binary:  00110000 00000000 00000000 00000000
[0000006C]: LODI IR, 0x0001               ; Hex:  0x22 0x70 0x01 0x00   Binary:  00100010 01110000 00000001 00000000
[00000070]: INT 0x0001                    ; Hex:  0x2E 0x00 0x01 0x00   Binary:  00101110 00000000 00000001 00000000
[00000074]: RET                           ; Hex:  0x30 0x00 0x00 0x00   Binary:  00110000 00000000 00000000 00000000
[00000078]: LODI R0, 0x000A               ; Hex:  0x22 0x00 0x0A 0x00   Binary:  00100010 00000000 00001010 00000000
[0000007C]: LODI IR, 0x0000               ; Hex:  0x22 0x70 0x00 0x00   Binary:  00100010 01110000 00000000 00000000
[00000080]: INT 0x0001                    ; Hex:  0x2E 0x00 0x01 0x00   Binary:  00101110 00000000 00000001 00000000
[00000084]: RET                           ; Hex:  0x30 0x00 0x00 0x00   Binary:  00110000 00000000 00000000 00000000
[00000088]: LODI IR, 0x0002               ; Hex:  0x22 0x70 0x02 0x00   Binary:  00100010 01110000 00000010 00000000
[0000008C]: INT 0x0001                    ; Hex:  0x2E 0x00 0x01 0x00   Binary:  00101110 00000000 00000001 00000000
[00000090]: RET                           ; Hex:  0x30 0x00 0x00 0x00   Binary:  00110000 00000000 00000000 00000000
[00000094]: LODI IR, 0x0003               ; Hex:  0x22 0x70 0x03 0x00   Binary:  00100010 01110000 00000011 00000000
[00000098]: INT 0x0001                    ; Hex:  0x2E 0x00 0x01 0x00   Binary:  00101110 00000000 00000001 00000000
[0000009C]: JE 0x0018                     ; Hex:  0x28 0x00 0x18 0x00   Binary:  00101000 00000000 00011000 00000000
[000000A0]: LODI R0, 0x0108               ; Hex:  0x22 0x00 0x08 0x01   Binary:  00100010 00000000 00001000 00000001
[000000A4]: CALL 0x0048                   ; Hex:  0x2F 0x00 0x48 0x00   Binary:  00101111 00000000 01001000 00000000
[000000A8]: LODI R0, 0x0115               ; Hex:  0x22 0x00 0x15 0x01   Binary:  00100010 00000000 00010101 00000001
[000000AC]: CALL 0x0040                   ; Hex:  0x2F 0x00 0x40 0x00   Binary:  00101111 00000000 01000000 00000000
[000000B0]: CALL 0xFFC4                   ; Hex:  0x2F 0x00 0xC4 0xFF   Binary:  00101111 00000000 11000100 11111111
[000000B4]: XOR R0, R0                    ; Hex:  0x13 0x00 0x00 0x00   Binary:  00010011 00000000 00000000 00000000
[000000B8]: RET                           ; Hex:  0x30 0x00 0x00 0x00   Binary:  00110000 00000000 00000000 00000000
[000000BC]: LODI IR, 0x0004               ; Hex:  0x22 0x70 0x04 0x00   Binary:  00100010 01110000 00000100 00000000
[000000C0]: INT 0x0001                    ; Hex:  0x2E 0x00 0x01 0x00   Binary:  00101110 00000000 00000001 00000000
[000000C4]: JE 0x0018                     ; Hex:  0x28 0x00 0x18 0x00   Binary:  00101000 00000000 00011000 00000000
[000000C8]: LODI R0, 0x0108               ; Hex:  0x22 0x00 0x08 0x01   Binary:  00100010 00000000 00001000 00000001
[000000CC]: CALL 0x0020                   ; Hex:  0x2F 0x00 0x20 0x00   Binary:  00101111 00000000 00100000 00000000
[000000D0]: LODI R0, 0x011D               ; Hex:  0x22 0x00 0x1D 0x01   Binary:  00100010 00000000 00011101 00000001
[000000D4]: CALL 0x0018                   ; Hex:  0x2F 0x00 0x18 0x00   Binary:  00101111 00000000 00011000 00000000
[000000D8]: CALL 0xFF9C                   ; Hex:  0x2F 0x00 0x9C 0xFF   Binary:  00101111 00000000 10011100 11111111
[000000DC]: HALT                          ; Hex:  0x01 0x00 0x00 0x00   Binary:  00000001 00000000 00000000 00000000
[000000E0]: RET                           ; Hex:  0x30 0x00 0x00 0x00   Binary:  00110000 00000000 00000000 00000000
[000000E4]: LODI IR, 0x0005               ; Hex:  0x22 0x70 0x05 0x00   Binary:  00100010 01110000 00000101 00000000
[000000E8]: INT 0x0001                    ; Hex:  0x2E 0x00 0x01 0x00   Binary:  00101110 00000000 00000001 00000000
[000000EC]: RET                           ; Hex:  0x30 0x00 0x00 0x00   Binary:  00110000 00000000 00000000 00000000
[000000F0]: LODI IR, 0x0006               ; Hex:  0x22 0x70 0x06 0x00   Binary:  00100010 01110000 00000110 00000000
[000000F4]: INT 0x0001                    ; Hex:  0x2E 0x00 0x01 0x00   Binary:  00101110 00000000 00000001 00000000
[000000F8]: RET                           ; Hex:  0x30 0x00 0x00 0x00   Binary:  00110000 00000000 00000000 00000000
[000000FC]: LODI IR, 0x0007               ; Hex:  0x22 0x70 0x07 0x00   Binary:  00100010 01110000 00000111 00000000
[00000100]: INT 0x0001                    ; Hex:  0x2E 0x00 0x01 0x00   Binary:  00101110 00000000 00000001 00000000
[00000104]: RET                           ; Hex:  0x30 0x00 0x00 0x00   Binary:  00110000 00000000 00000000 00000000

; DATA:
[00000108]: ARRAY = [ARRAY = [BYTE = 0x4E, BYTE = 0x6F, BYTE = 0x74, BYTE = 0x20, BYTE = 0x61, BYTE = 0x20, BYTE = 0x76, BYTE = 0x61, BYTE = 0x6C, BYTE = 0x69, BYTE = 0x64, BYTE = 0x20], BYTE = 0x00]
[00000115]: ARRAY = [ARRAY = [BYTE = 0x69, BYTE = 0x6E, BYTE = 0x74, BYTE = 0x65, BYTE = 0x67, BYTE = 0x65, BYTE = 0x72], BYTE = 0x00]
[0000011D]: ARRAY = [ARRAY = [BYTE = 0x66, BYTE = 0x6C, BYTE = 0x6F, BYTE = 0x61, BYTE = 0x74, BYTE = 0x69, BYTE = 0x6E, BYTE = 0x67, BYTE = 0x2D, BYTE = 0x70, BYTE = 0x6F, BYTE = 0x69, BYTE = 0x6E, BYTE = 0x74, BYTE = 0x20, BYTE = 0x6E, BYTE = 0x75, BYTE = 0x6D, BYTE = 0x62, BYTE = 0x65, BYTE = 0x72], BYTE = 0x00]
[00000133]: ARRAY = [ARRAY = [BYTE = 0x45, BYTE = 0x6E, BYTE = 0x74, BYTE = 0x65, BYTE = 0x72, BYTE = 0x20, BYTE = 0x61, BYTE = 0x20, BYTE = 0x6E, BYTE = 0x75, BYTE = 0x6D, BYTE = 0x62, BYTE = 0x65, BYTE = 0x72, BYTE = 0x3A, BYTE = 0x20], BYTE = 0x00]
[00000144]: ARRAY = [ARRAY = [BYTE = 0x32, BYTE = 0x20, BYTE = 0x2A, BYTE = 0x20], BYTE = 0x00]
[00000149]: ARRAY = [ARRAY = [BYTE = 0x20, BYTE = 0x3D, BYTE = 0x20], BYTE = 0x00]

Symbol Table: [[@start @ 0x00000008 : CODE], [@write_char @ 0x00000060 : CODE], [@read_char @ 0x0000006C : CODE], [@write_nl @ 0x00000078 : CODE], [@write_int @ 0x00000088 : CODE], [@read_int @ 0x00000094 : CODE], [@read_int@ok @ 0x000000B8 : CODE], [@write_float @ 0x000000BC : CODE], [@read_float@ok @ 0x000000E0 : CODE], [@read_float @ 0x000000E4 : CODE], [@write_text @ 0x000000F0 : CODE], [@read_text @ 0x000000FC : CODE], [@$MSG_INV @ 0x00000108 : DATA], [@$MSG_INT @ 0x00000115 : DATA], [@$MSG_FLT @ 0x0000011D : DATA], [@$TEXT1 @ 0x00000133 : DATA], [@$TEXT2 @ 0x00000144 : DATA], [@$TEXT3 @ 0x00000149 : DATA]]
Code size: 264 bytes.
Data size: 69 bytes.
MACROS:
[_STD_FUNCTION [funcNum]]