; M2 Assembler Listing File

; CODE:
[00000000]: CALL 0x0048                   ; Hex:  0x2F 0x00 0x48 0x00   Binary:  00101111 00000000 01001000 00000000
[00000004]: HALT                          ; Hex:  0x01 0x00 0x00 0x00   Binary:  00000001 00000000 00000000 00000000
[00000008]: PUSH FP                       ; Hex:  0x31 0xE0 0x00 0x00   Binary:  00110001 11100000 00000000 00000000
[0000000C]: CPY FP, SP                    ; Hex:  0x18 0xED 0x00 0x00   Binary:  00011000 11101101 00000000 00000000
[00000010]: LOD R0, *(FP+8)               ; Hex:  0x1F 0x0E 0x08 0x00   Binary:  00011111 00001110 00001000 00000000
[00000014]: CMPI R0, 0x0000               ; Hex:  0x1D 0x00 0x00 0x00   Binary:  00011101 00000000 00000000 00000000
[00000018]: JG                            ; Hex:  0x2C 0x00 0x00 0x00   Binary:  00101100 00000000 00000000 00000000
[0000001C]: LODI R0, 0x0001               ; Hex:  0x22 0x00 0x01 0x00   Binary:  00100010 00000000 00000001 00000000
[00000020]: JMP 0x0000                    ; Hex:  0x27 0x00 0x00 0x00   Binary:  00100111 00000000 00000000 00000000
[00000024]: LOD R1, *(FP+8)               ; Hex:  0x1F 0x1E 0x08 0x00   Binary:  00011111 00011110 00001000 00000000
[00000028]: DEC R1                        ; Hex:  0x03 0x10 0x00 0x00   Binary:  00000011 00010000 00000000 00000000
[0000002C]: PUSH R1                       ; Hex:  0x31 0x10 0x00 0x00   Binary:  00110001 00010000 00000000 00000000
[00000030]: CALL 0xFFD4                   ; Hex:  0x2F 0x00 0xD4 0xFF   Binary:  00101111 00000000 11010100 11111111
[00000034]: LOD R3, *(FP+8)               ; Hex:  0x1F 0x3E 0x08 0x00   Binary:  00011111 00111110 00001000 00000000
[00000038]: MUL R3, R0                    ; Hex:  0x07 0x30 0x00 0x00   Binary:  00000111 00110000 00000000 00000000
[0000003C]: CPY R0, R3                    ; Hex:  0x18 0x03 0x00 0x00   Binary:  00011000 00000011 00000000 00000000
[00000040]: CPY SP, FP                    ; Hex:  0x18 0xDE 0x00 0x00   Binary:  00011000 11011110 00000000 00000000
[00000044]: POP FP                        ; Hex:  0x32 0xE0 0x00 0x00   Binary:  00110010 11100000 00000000 00000000
[00000048]: RET                           ; Hex:  0x30 0x00 0x00 0x00   Binary:  00110000 00000000 00000000 00000000
[0000004C]: PUSH FP                       ; Hex:  0x31 0xE0 0x00 0x00   Binary:  00110001 11100000 00000000 00000000
[00000050]: CPY FP, SP                    ; Hex:  0x18 0xED 0x00 0x00   Binary:  00011000 11101101 00000000 00000000
[00000054]: ADDI SP, 0xFFF8               ; Hex:  0x05 0xD0 0xF8 0xFF   Binary:  00000101 11010000 11111000 11111111
[00000058]: LODI R0, 0x0173               ; Hex:  0x22 0x00 0x73 0x01   Binary:  00100010 00000000 01110011 00000001
[0000005C]: CALL 0x00D0                   ; Hex:  0x2F 0x00 0xD0 0x00   Binary:  00101111 00000000 11010000 00000000
[00000060]: CALL 0x0070                   ; Hex:  0x2F 0x00 0x70 0x00   Binary:  00101111 00000000 01110000 00000000
[00000064]: STOR *(FP-4), R0              ; Hex:  0x24 0xE0 0xFC 0xFF   Binary:  00100100 11100000 11111100 11111111
[00000068]: LOD R3, *(FP-4)               ; Hex:  0x1F 0x3E 0xFC 0xFF   Binary:  00011111 00111110 11111100 11111111
[0000006C]: PUSH R3                       ; Hex:  0x31 0x30 0x00 0x00   Binary:  00110001 00110000 00000000 00000000
[00000070]: CALL 0xFF94                   ; Hex:  0x2F 0x00 0x94 0xFF   Binary:  00101111 00000000 10010100 11111111
[00000074]: STOR *(FP-8), R0              ; Hex:  0x24 0xE0 0xF8 0xFF   Binary:  00100100 11100000 11111000 11111111
[00000078]: LOD R0, *(FP-4)               ; Hex:  0x1F 0x0E 0xFC 0xFF   Binary:  00011111 00001110 11111100 11111111
[0000007C]: CALL 0x0048                   ; Hex:  0x2F 0x00 0x48 0x00   Binary:  00101111 00000000 01001000 00000000
[00000080]: LODI R0, 0x0184               ; Hex:  0x22 0x00 0x84 0x01   Binary:  00100010 00000000 10000100 00000001
[00000084]: CALL 0x00A8                   ; Hex:  0x2F 0x00 0xA8 0x00   Binary:  00101111 00000000 10101000 00000000
[00000088]: LOD R0, *(FP-8)               ; Hex:  0x1F 0x0E 0xF8 0xFF   Binary:  00011111 00001110 11111000 11111111
[0000008C]: CALL 0x0038                   ; Hex:  0x2F 0x00 0x38 0x00   Binary:  00101111 00000000 00111000 00000000
[00000090]: CALL 0x0024                   ; Hex:  0x2F 0x00 0x24 0x00   Binary:  00101111 00000000 00100100 00000000
[00000094]: CPY SP, FP                    ; Hex:  0x18 0xDE 0x00 0x00   Binary:  00011000 11011110 00000000 00000000
[00000098]: POP FP                        ; Hex:  0x32 0xE0 0x00 0x00   Binary:  00110010 11100000 00000000 00000000
[0000009C]: RET                           ; Hex:  0x30 0x00 0x00 0x00   Binary:  00110000 00000000 00000000 00000000
[000000A0]: LODI IR, 0x0000               ; Hex:  0x22 0x70 0x00 0x00   Binary:  00100010 01110000 00000000 00000000
[000000A4]: INT 0x0001                    ; Hex:  0x2E 0x00 0x01 0x00   Binary:  00101110 00000000 00000001 00000000
[000000A8]: RET                           ; Hex:  0x30 0x00 0x00 0x00   Binary:  00110000 00000000 00000000 00000000
[000000AC]: LODI IR, 0x0001               ; Hex:  0x22 0x70 0x01 0x00   Binary:  00100010 01110000 00000001 00000000
[000000B0]: INT 0x0001                    ; Hex:  0x2E 0x00 0x01 0x00   Binary:  00101110 00000000 00000001 00000000
[000000B4]: RET                           ; Hex:  0x30 0x00 0x00 0x00   Binary:  00110000 00000000 00000000 00000000
[000000B8]: LODI R0, 0x000A               ; Hex:  0x22 0x00 0x0A 0x00   Binary:  00100010 00000000 00001010 00000000
[000000BC]: LODI IR, 0x0000               ; Hex:  0x22 0x70 0x00 0x00   Binary:  00100010 01110000 00000000 00000000
[000000C0]: INT 0x0001                    ; Hex:  0x2E 0x00 0x01 0x00   Binary:  00101110 00000000 00000001 00000000
[000000C4]: RET                           ; Hex:  0x30 0x00 0x00 0x00   Binary:  00110000 00000000 00000000 00000000
[000000C8]: LODI IR, 0x0002               ; Hex:  0x22 0x70 0x02 0x00   Binary:  00100010 01110000 00000010 00000000
[000000CC]: INT 0x0001                    ; Hex:  0x2E 0x00 0x01 0x00   Binary:  00101110 00000000 00000001 00000000
[000000D0]: RET                           ; Hex:  0x30 0x00 0x00 0x00   Binary:  00110000 00000000 00000000 00000000
[000000D4]: LODI IR, 0x0003               ; Hex:  0x22 0x70 0x03 0x00   Binary:  00100010 01110000 00000011 00000000
[000000D8]: INT 0x0001                    ; Hex:  0x2E 0x00 0x01 0x00   Binary:  00101110 00000000 00000001 00000000
[000000DC]: JE 0x0018                     ; Hex:  0x28 0x00 0x18 0x00   Binary:  00101000 00000000 00011000 00000000
[000000E0]: LODI R0, 0x0148               ; Hex:  0x22 0x00 0x48 0x01   Binary:  00100010 00000000 01001000 00000001
[000000E4]: CALL 0x0048                   ; Hex:  0x2F 0x00 0x48 0x00   Binary:  00101111 00000000 01001000 00000000
[000000E8]: LODI R0, 0x0155               ; Hex:  0x22 0x00 0x55 0x01   Binary:  00100010 00000000 01010101 00000001
[000000EC]: CALL 0x0040                   ; Hex:  0x2F 0x00 0x40 0x00   Binary:  00101111 00000000 01000000 00000000
[000000F0]: CALL 0xFFC4                   ; Hex:  0x2F 0x00 0xC4 0xFF   Binary:  00101111 00000000 11000100 11111111
[000000F4]: HALT                          ; Hex:  0x01 0x00 0x00 0x00   Binary:  00000001 00000000 00000000 00000000
[000000F8]: RET                           ; Hex:  0x30 0x00 0x00 0x00   Binary:  00110000 00000000 00000000 00000000
[000000FC]: LODI IR, 0x0004               ; Hex:  0x22 0x70 0x04 0x00   Binary:  00100010 01110000 00000100 00000000
[00000100]: INT 0x0001                    ; Hex:  0x2E 0x00 0x01 0x00   Binary:  00101110 00000000 00000001 00000000
[00000104]: JE 0x0018                     ; Hex:  0x28 0x00 0x18 0x00   Binary:  00101000 00000000 00011000 00000000
[00000108]: LODI R0, 0x0148               ; Hex:  0x22 0x00 0x48 0x01   Binary:  00100010 00000000 01001000 00000001
[0000010C]: CALL 0x0020                   ; Hex:  0x2F 0x00 0x20 0x00   Binary:  00101111 00000000 00100000 00000000
[00000110]: LODI R0, 0x015D               ; Hex:  0x22 0x00 0x5D 0x01   Binary:  00100010 00000000 01011101 00000001
[00000114]: CALL 0x0018                   ; Hex:  0x2F 0x00 0x18 0x00   Binary:  00101111 00000000 00011000 00000000
[00000118]: CALL 0xFF9C                   ; Hex:  0x2F 0x00 0x9C 0xFF   Binary:  00101111 00000000 10011100 11111111
[0000011C]: HALT                          ; Hex:  0x01 0x00 0x00 0x00   Binary:  00000001 00000000 00000000 00000000
[00000120]: RET                           ; Hex:  0x30 0x00 0x00 0x00   Binary:  00110000 00000000 00000000 00000000
[00000124]: LODI IR, 0x0005               ; Hex:  0x22 0x70 0x05 0x00   Binary:  00100010 01110000 00000101 00000000
[00000128]: INT 0x0001                    ; Hex:  0x2E 0x00 0x01 0x00   Binary:  00101110 00000000 00000001 00000000
[0000012C]: RET                           ; Hex:  0x30 0x00 0x00 0x00   Binary:  00110000 00000000 00000000 00000000
[00000130]: LODI IR, 0x0006               ; Hex:  0x22 0x70 0x06 0x00   Binary:  00100010 01110000 00000110 00000000
[00000134]: INT 0x0001                    ; Hex:  0x2E 0x00 0x01 0x00   Binary:  00101110 00000000 00000001 00000000
[00000138]: RET                           ; Hex:  0x30 0x00 0x00 0x00   Binary:  00110000 00000000 00000000 00000000
[0000013C]: LODI IR, 0x0007               ; Hex:  0x22 0x70 0x07 0x00   Binary:  00100010 01110000 00000111 00000000
[00000140]: INT 0x0001                    ; Hex:  0x2E 0x00 0x01 0x00   Binary:  00101110 00000000 00000001 00000000
[00000144]: RET                           ; Hex:  0x30 0x00 0x00 0x00   Binary:  00110000 00000000 00000000 00000000

; DATA:
[00000148]: ARRAY = [ARRAY = [BYTE = 0x4E, BYTE = 0x6F, BYTE = 0x74, BYTE = 0x20, BYTE = 0x61, BYTE = 0x20, BYTE = 0x76, BYTE = 0x61, BYTE = 0x6C, BYTE = 0x69, BYTE = 0x64, BYTE = 0x20], BYTE = 0x00]
[00000155]: ARRAY = [ARRAY = [BYTE = 0x69, BYTE = 0x6E, BYTE = 0x74, BYTE = 0x65, BYTE = 0x67, BYTE = 0x65, BYTE = 0x72], BYTE = 0x00]
[0000015D]: ARRAY = [ARRAY = [BYTE = 0x66, BYTE = 0x6C, BYTE = 0x6F, BYTE = 0x61, BYTE = 0x74, BYTE = 0x69, BYTE = 0x6E, BYTE = 0x67, BYTE = 0x2D, BYTE = 0x70, BYTE = 0x6F, BYTE = 0x69, BYTE = 0x6E, BYTE = 0x74, BYTE = 0x20, BYTE = 0x6E, BYTE = 0x75, BYTE = 0x6D, BYTE = 0x62, BYTE = 0x65, BYTE = 0x72], BYTE = 0x00]
[00000173]: ARRAY = [ARRAY = [BYTE = 0x45, BYTE = 0x6E, BYTE = 0x74, BYTE = 0x65, BYTE = 0x72, BYTE = 0x20, BYTE = 0x61, BYTE = 0x20, BYTE = 0x6E, BYTE = 0x75, BYTE = 0x6D, BYTE = 0x62, BYTE = 0x65, BYTE = 0x72, BYTE = 0x3A, BYTE = 0x20], BYTE = 0x00]
[00000184]: ARRAY = [ARRAY = [BYTE = 0x21, BYTE = 0x20, BYTE = 0x3D, BYTE = 0x20], BYTE = 0x00]

Symbol Table: [[@factorial @ 0x00000008 : CODE], [@L1 @ 0x00000024 : CODE], [@start @ 0x0000004C : CODE], [@write_char @ 0x000000A0 : CODE], [@read_char @ 0x000000AC : CODE], [@write_nl @ 0x000000B8 : CODE], [@write_int @ 0x000000C8 : CODE], [@read_int @ 0x000000D4 : CODE], [@read_int@ok @ 0x000000F8 : CODE], [@write_float @ 0x000000FC : CODE], [@read_float@ok @ 0x00000120 : CODE], [@read_float @ 0x00000124 : CODE], [@write_text @ 0x00000130 : CODE], [@read_text @ 0x0000013C : CODE], [@$MSG_INV @ 0x00000148 : DATA], [@$MSG_INT @ 0x00000155 : DATA], [@$MSG_FLT @ 0x0000015D : DATA], [@$TEXT1 @ 0x00000173 : DATA], [@$TEXT2 @ 0x00000184 : DATA]]
Code size: 328 bytes.
Data size: 65 bytes.
MACROS:
[_STD_FUNCTION [funcNum]]