; M2 Assembler Listing File

; CODE:
[00000000]: LODI R0, 0x0074               ; Hex:  0x22 0x00 0x74 0x00   Binary:  00100010 00000000 01110100 00000000
[00000004]: CALL 0x0014                   ; Hex:  0x2F 0x00 0x14 0x00   Binary:  00101111 00000000 00010100 00000000
[00000008]: PUSH R0                       ; Hex:  0x31 0x00 0x00 0x00   Binary:  00110001 00000000 00000000 00000000
[0000000C]: CALL 0x0020                   ; Hex:  0x2F 0x00 0x20 0x00   Binary:  00101111 00000000 00100000 00000000
[00000010]: LODI IR, 0x0002               ; Hex:  0x22 0x70 0x02 0x00   Binary:  00100010 01110000 00000010 00000000
[00000014]: INT 0x0001                    ; Hex:  0x2E 0x00 0x01 0x00   Binary:  00101110 00000000 00000001 00000000
[00000018]: HALT                          ; Hex:  0x01 0x00 0x00 0x00   Binary:  00000001 00000000 00000000 00000000
[0000001C]: LODI IR, 0x0006               ; Hex:  0x22 0x70 0x06 0x00   Binary:  00100010 01110000 00000110 00000000
[00000020]: INT 0x0001                    ; Hex:  0x2E 0x00 0x01 0x00   Binary:  00101110 00000000 00000001 00000000
[00000024]: LODI IR, 0x0003               ; Hex:  0x22 0x70 0x03 0x00   Binary:  00100010 01110000 00000011 00000000
[00000028]: INT 0x0001                    ; Hex:  0x2E 0x00 0x01 0x00   Binary:  00101110 00000000 00000001 00000000
[0000002C]: RET                           ; Hex:  0x30 0x00 0x00 0x00   Binary:  00110000 00000000 00000000 00000000
[00000030]: PUSH FP                       ; Hex:  0x31 0xE0 0x00 0x00   Binary:  00110001 11100000 00000000 00000000
[00000034]: CPY FP, SP                    ; Hex:  0x18 0xED 0x00 0x00   Binary:  00011000 11101101 00000000 00000000
[00000038]: PUSH R1                       ; Hex:  0x31 0x10 0x00 0x00   Binary:  00110001 00010000 00000000 00000000
[0000003C]: LOD R0, *(FP+8)               ; Hex:  0x1F 0x0E 0x08 0x00   Binary:  00011111 00001110 00001000 00000000
[00000040]: CMPI R0, 0x0000               ; Hex:  0x1D 0x00 0x00 0x00   Binary:  00011101 00000000 00000000 00000000
[00000044]: JG 0x0008                     ; Hex:  0x2C 0x00 0x08 0x00   Binary:  00101100 00000000 00001000 00000000
[00000048]: LODI R0, 0x0001               ; Hex:  0x22 0x00 0x01 0x00   Binary:  00100010 00000000 00000001 00000000
[0000004C]: JMP 0x0014                    ; Hex:  0x27 0x00 0x14 0x00   Binary:  00100111 00000000 00010100 00000000
[00000050]: DEC R0                        ; Hex:  0x03 0x00 0x00 0x00   Binary:  00000011 00000000 00000000 00000000
[00000054]: PUSH R0                       ; Hex:  0x31 0x00 0x00 0x00   Binary:  00110001 00000000 00000000 00000000
[00000058]: CALL 0xFFD4                   ; Hex:  0x2F 0x00 0xD4 0xFF   Binary:  00101111 00000000 11010100 11111111
[0000005C]: LOD R1, *(FP+8)               ; Hex:  0x1F 0x1E 0x08 0x00   Binary:  00011111 00011110 00001000 00000000
[00000060]: MUL R0, R1                    ; Hex:  0x07 0x01 0x00 0x00   Binary:  00000111 00000001 00000000 00000000
[00000064]: POP R1                        ; Hex:  0x32 0x10 0x00 0x00   Binary:  00110010 00010000 00000000 00000000
[00000068]: CPY SP, FP                    ; Hex:  0x18 0xDE 0x00 0x00   Binary:  00011000 11011110 00000000 00000000
[0000006C]: POP FP                        ; Hex:  0x32 0xE0 0x00 0x00   Binary:  00110010 11100000 00000000 00000000
[00000070]: RET                           ; Hex:  0x30 0x00 0x00 0x00   Binary:  00110000 00000000 00000000 00000000

; DATA:
[00000074]: ARRAY = [ARRAY = [BYTE = 0x6E, BYTE = 0x3F, BYTE = 0x20], BYTE = 0x00]

Symbol Table: [[@READ_INT @ 0x0000001C : CODE], [@FAT @ 0x00000030 : CODE], [@FAT.1 @ 0x00000050 : CODE], [@FAT.2 @ 0x00000064 : CODE], [@PROMPT @ 0x00000074 : DATA]]
Code size: 116 bytes.
Data size: 4 bytes.