; M2 Assembler Listing File

; CODE:
[00000000]: CALL 0x0030                   ; Hex:  0x2F 0x00 0x30 0x00   Binary:  00101111 00000000 00110000 00000000
[00000004]: HALT                          ; Hex:  0x01 0x00 0x00 0x00   Binary:  00000001 00000000 00000000 00000000
[00000008]: PUSH FP                       ; Hex:  0x31 0xE0 0x00 0x00   Binary:  00110001 11100000 00000000 00000000
[0000000C]: CPY FP, SP                    ; Hex:  0x18 0xED 0x00 0x00   Binary:  00011000 11101101 00000000 00000000
[00000010]: LOD R0, *(FP+8)               ; Hex:  0x1F 0x0E 0x08 0x00   Binary:  00011111 00001110 00001000 00000000
[00000014]: LODI IR, 0x0002               ; Hex:  0x22 0x70 0x02 0x00   Binary:  00100010 01110000 00000010 00000000
[00000018]: INT 0x0001                    ; Hex:  0x2E 0x00 0x01 0x00   Binary:  00101110 00000000 00000001 00000000
[0000001C]: LODI R0, 0x000A               ; Hex:  0x22 0x00 0x0A 0x00   Binary:  00100010 00000000 00001010 00000000
[00000020]: LODI IR, 0x0000               ; Hex:  0x22 0x70 0x00 0x00   Binary:  00100010 01110000 00000000 00000000
[00000024]: INT 0x0001                    ; Hex:  0x2E 0x00 0x01 0x00   Binary:  00101110 00000000 00000001 00000000
[00000028]: CPY SP, FP                    ; Hex:  0x18 0xDE 0x00 0x00   Binary:  00011000 11011110 00000000 00000000
[0000002C]: POP FP                        ; Hex:  0x32 0xE0 0x00 0x00   Binary:  00110010 11100000 00000000 00000000
[00000030]: RET                           ; Hex:  0x30 0x00 0x00 0x00   Binary:  00110000 00000000 00000000 00000000
[00000034]: PUSH FP                       ; Hex:  0x31 0xE0 0x00 0x00   Binary:  00110001 11100000 00000000 00000000
[00000038]: CPY FP, SP                    ; Hex:  0x18 0xED 0x00 0x00   Binary:  00011000 11101101 00000000 00000000
[0000003C]: ADDI SP, 0xFFF8               ; Hex:  0x05 0xD0 0xF8 0xFF   Binary:  00000101 11010000 11111000 11111111
[00000040]: LODI R0, 0x0001               ; Hex:  0x22 0x00 0x01 0x00   Binary:  00100010 00000000 00000001 00000000
[00000044]: STOR *(DT+0), R0              ; Hex:  0x24 0x90 0x00 0x00   Binary:  00100100 10010000 00000000 00000000
[00000048]: LODI R0, 0x0002               ; Hex:  0x22 0x00 0x02 0x00   Binary:  00100010 00000000 00000010 00000000
[0000004C]: STOR *(FP-4), R0              ; Hex:  0x24 0xE0 0xFC 0xFF   Binary:  00100100 11100000 11111100 11111111
[00000050]: LODI R0, 0x0003               ; Hex:  0x22 0x00 0x03 0x00   Binary:  00100010 00000000 00000011 00000000
[00000054]: STOR *(FP-8), R0              ; Hex:  0x24 0xE0 0xF8 0xFF   Binary:  00100100 11100000 11111000 11111111
[00000058]: LOD R0, *(DT+0)               ; Hex:  0x1F 0x09 0x00 0x00   Binary:  00011111 00001001 00000000 00000000
[0000005C]: PUSH R0                       ; Hex:  0x31 0x00 0x00 0x00   Binary:  00110001 00000000 00000000 00000000
[00000060]: CALL 0xFFA4                   ; Hex:  0x2F 0x00 0xA4 0xFF   Binary:  00101111 00000000 10100100 11111111
[00000064]: LOD R0, *(FP-4)               ; Hex:  0x1F 0x0E 0xFC 0xFF   Binary:  00011111 00001110 11111100 11111111
[00000068]: PUSH R0                       ; Hex:  0x31 0x00 0x00 0x00   Binary:  00110001 00000000 00000000 00000000
[0000006C]: CALL 0xFF98                   ; Hex:  0x2F 0x00 0x98 0xFF   Binary:  00101111 00000000 10011000 11111111
[00000070]: LOD R0, *(FP-8)               ; Hex:  0x1F 0x0E 0xF8 0xFF   Binary:  00011111 00001110 11111000 11111111
[00000074]: PUSH R0                       ; Hex:  0x31 0x00 0x00 0x00   Binary:  00110001 00000000 00000000 00000000
[00000078]: CALL 0xFF8C                   ; Hex:  0x2F 0x00 0x8C 0xFF   Binary:  00101111 00000000 10001100 11111111
[0000007C]: CPY SP, FP                    ; Hex:  0x18 0xDE 0x00 0x00   Binary:  00011000 11011110 00000000 00000000
[00000080]: POP FP                        ; Hex:  0x32 0xE0 0x00 0x00   Binary:  00110010 11100000 00000000 00000000
[00000084]: RET                           ; Hex:  0x30 0x00 0x00 0x00   Binary:  00110000 00000000 00000000 00000000

Symbol Table: [[@write @ 0x00000008 : CODE], [@start @ 0x00000034 : CODE], [@a @ 0x00000088 : DATA], [@b @ 0x00000088 : DATA], [@c @ 0x00000088 : DATA]]
Code size: 136 bytes.
Uninitialized Data size: 12 bytes.