; M2 Assembler Listing File

; CODE:
[00000000]: CALL 0x0004                   ; Hex:  0x2F 0x00 0x04 0x00   Binary:  00101111 00000000 00000100 00000000
[00000004]: HALT                          ; Hex:  0x01 0x00 0x00 0x00   Binary:  00000001 00000000 00000000 00000000
[00000008]: PUSH FP                       ; Hex:  0x31 0xE0 0x00 0x00   Binary:  00110001 11100000 00000000 00000000
[0000000C]: CPY FP, SP                    ; Hex:  0x18 0xED 0x00 0x00   Binary:  00011000 11101101 00000000 00000000
[00000010]: ADDI SP, 0xFFFC               ; Hex:  0x05 0xD0 0xFC 0xFF   Binary:  00000101 11010000 11111100 11111111
[00000014]: LOD R0, *(FP-4)               ; Hex:  0x1F 0x0E 0xFC 0xFF   Binary:  00011111 00001110 11111100 11111111
[00000018]: PUSH R0                       ; Hex:  0x31 0x00 0x00 0x00   Binary:  00110001 00000000 00000000 00000000
[0000001C]: CALL 0x00D8                   ; Hex:  0x2F 0x00 0xD8 0x00   Binary:  00101111 00000000 11011000 00000000
[00000020]: LODI R0, 0x010C               ; Hex:  0x22 0x00 0x0C 0x01   Binary:  00100010 00000000 00001100 00000001
[00000024]: PUSH R0                       ; Hex:  0x31 0x00 0x00 0x00   Binary:  00110001 00000000 00000000 00000000
[00000028]: CALL 0x00B8                   ; Hex:  0x2F 0x00 0xB8 0x00   Binary:  00101111 00000000 10111000 00000000
[0000002C]: LOD R0, *(FP-4)               ; Hex:  0x1F 0x0E 0xFC 0xFF   Binary:  00011111 00001110 11111100 11111111
[00000030]: PUSH R0                       ; Hex:  0x31 0x00 0x00 0x00   Binary:  00110001 00000000 00000000 00000000
[00000034]: CALL 0x00AC                   ; Hex:  0x2F 0x00 0xAC 0x00   Binary:  00101111 00000000 10101100 00000000
[00000038]: LODI R0, 0x0114               ; Hex:  0x22 0x00 0x14 0x01   Binary:  00100010 00000000 00010100 00000001
[0000003C]: PUSH R0                       ; Hex:  0x31 0x00 0x00 0x00   Binary:  00110001 00000000 00000000 00000000
[00000040]: CALL 0x00A0                   ; Hex:  0x2F 0x00 0xA0 0x00   Binary:  00101111 00000000 10100000 00000000
[00000044]: CALL 0x0034                   ; Hex:  0x2F 0x00 0x34 0x00   Binary:  00101111 00000000 00110100 00000000
[00000048]: CPY SP, FP                    ; Hex:  0x18 0xDE 0x00 0x00   Binary:  00011000 11011110 00000000 00000000
[0000004C]: POP FP                        ; Hex:  0x32 0xE0 0x00 0x00   Binary:  00110010 11100000 00000000 00000000
[00000050]: RET                           ; Hex:  0x30 0x00 0x00 0x00   Binary:  00110000 00000000 00000000 00000000
[00000054]: PUSH IR                       ; Hex:  0x31 0x70 0x00 0x00   Binary:  00110001 01110000 00000000 00000000
[00000058]: LODI IR, 0x0000               ; Hex:  0x22 0x70 0x00 0x00   Binary:  00100010 01110000 00000000 00000000
[0000005C]: INT 0x0001                    ; Hex:  0x2E 0x00 0x01 0x00   Binary:  00101110 00000000 00000001 00000000
[00000060]: POP IR                        ; Hex:  0x32 0x70 0x00 0x00   Binary:  00110010 01110000 00000000 00000000
[00000064]: RET                           ; Hex:  0x30 0x00 0x00 0x00   Binary:  00110000 00000000 00000000 00000000
[00000068]: PUSH IR                       ; Hex:  0x31 0x70 0x00 0x00   Binary:  00110001 01110000 00000000 00000000
[0000006C]: LODI IR, 0x0001               ; Hex:  0x22 0x70 0x01 0x00   Binary:  00100010 01110000 00000001 00000000
[00000070]: INT 0x0001                    ; Hex:  0x2E 0x00 0x01 0x00   Binary:  00101110 00000000 00000001 00000000
[00000074]: POP IR                        ; Hex:  0x32 0x70 0x00 0x00   Binary:  00110010 01110000 00000000 00000000
[00000078]: RET                           ; Hex:  0x30 0x00 0x00 0x00   Binary:  00110000 00000000 00000000 00000000
[0000007C]: LODI R0, 0x000A               ; Hex:  0x22 0x00 0x0A 0x00   Binary:  00100010 00000000 00001010 00000000
[00000080]: PUSH IR                       ; Hex:  0x31 0x70 0x00 0x00   Binary:  00110001 01110000 00000000 00000000
[00000084]: LODI IR, 0x0000               ; Hex:  0x22 0x70 0x00 0x00   Binary:  00100010 01110000 00000000 00000000
[00000088]: INT 0x0001                    ; Hex:  0x2E 0x00 0x01 0x00   Binary:  00101110 00000000 00000001 00000000
[0000008C]: POP IR                        ; Hex:  0x32 0x70 0x00 0x00   Binary:  00110010 01110000 00000000 00000000
[00000090]: RET                           ; Hex:  0x30 0x00 0x00 0x00   Binary:  00110000 00000000 00000000 00000000
[00000094]: PUSH IR                       ; Hex:  0x31 0x70 0x00 0x00   Binary:  00110001 01110000 00000000 00000000
[00000098]: LODI IR, 0x0002               ; Hex:  0x22 0x70 0x02 0x00   Binary:  00100010 01110000 00000010 00000000
[0000009C]: INT 0x0001                    ; Hex:  0x2E 0x00 0x01 0x00   Binary:  00101110 00000000 00000001 00000000
[000000A0]: POP IR                        ; Hex:  0x32 0x70 0x00 0x00   Binary:  00110010 01110000 00000000 00000000
[000000A4]: RET                           ; Hex:  0x30 0x00 0x00 0x00   Binary:  00110000 00000000 00000000 00000000
[000000A8]: PUSH IR                       ; Hex:  0x31 0x70 0x00 0x00   Binary:  00110001 01110000 00000000 00000000
[000000AC]: LODI IR, 0x0003               ; Hex:  0x22 0x70 0x03 0x00   Binary:  00100010 01110000 00000011 00000000
[000000B0]: INT 0x0001                    ; Hex:  0x2E 0x00 0x01 0x00   Binary:  00101110 00000000 00000001 00000000
[000000B4]: POP IR                        ; Hex:  0x32 0x70 0x00 0x00   Binary:  00110010 01110000 00000000 00000000
[000000B8]: RET                           ; Hex:  0x30 0x00 0x00 0x00   Binary:  00110000 00000000 00000000 00000000
[000000BC]: PUSH IR                       ; Hex:  0x31 0x70 0x00 0x00   Binary:  00110001 01110000 00000000 00000000
[000000C0]: LODI IR, 0x0004               ; Hex:  0x22 0x70 0x04 0x00   Binary:  00100010 01110000 00000100 00000000
[000000C4]: INT 0x0001                    ; Hex:  0x2E 0x00 0x01 0x00   Binary:  00101110 00000000 00000001 00000000
[000000C8]: POP IR                        ; Hex:  0x32 0x70 0x00 0x00   Binary:  00110010 01110000 00000000 00000000
[000000CC]: RET                           ; Hex:  0x30 0x00 0x00 0x00   Binary:  00110000 00000000 00000000 00000000
[000000D0]: PUSH IR                       ; Hex:  0x31 0x70 0x00 0x00   Binary:  00110001 01110000 00000000 00000000
[000000D4]: LODI IR, 0x0005               ; Hex:  0x22 0x70 0x05 0x00   Binary:  00100010 01110000 00000101 00000000
[000000D8]: INT 0x0001                    ; Hex:  0x2E 0x00 0x01 0x00   Binary:  00101110 00000000 00000001 00000000
[000000DC]: POP IR                        ; Hex:  0x32 0x70 0x00 0x00   Binary:  00110010 01110000 00000000 00000000
[000000E0]: RET                           ; Hex:  0x30 0x00 0x00 0x00   Binary:  00110000 00000000 00000000 00000000
[000000E4]: PUSH IR                       ; Hex:  0x31 0x70 0x00 0x00   Binary:  00110001 01110000 00000000 00000000
[000000E8]: LODI IR, 0x0006               ; Hex:  0x22 0x70 0x06 0x00   Binary:  00100010 01110000 00000110 00000000
[000000EC]: INT 0x0001                    ; Hex:  0x2E 0x00 0x01 0x00   Binary:  00101110 00000000 00000001 00000000
[000000F0]: POP IR                        ; Hex:  0x32 0x70 0x00 0x00   Binary:  00110010 01110000 00000000 00000000
[000000F4]: RET                           ; Hex:  0x30 0x00 0x00 0x00   Binary:  00110000 00000000 00000000 00000000
[000000F8]: PUSH IR                       ; Hex:  0x31 0x70 0x00 0x00   Binary:  00110001 01110000 00000000 00000000
[000000FC]: LODI IR, 0x0007               ; Hex:  0x22 0x70 0x07 0x00   Binary:  00100010 01110000 00000111 00000000
[00000100]: INT 0x0001                    ; Hex:  0x2E 0x00 0x01 0x00   Binary:  00101110 00000000 00000001 00000000
[00000104]: POP IR                        ; Hex:  0x32 0x70 0x00 0x00   Binary:  00110010 01110000 00000000 00000000
[00000108]: RET                           ; Hex:  0x30 0x00 0x00 0x00   Binary:  00110000 00000000 00000000 00000000

; DATA:
[0000010C]: ARRAY = [ARRAY = [BYTE = 0x48, BYTE = 0x65, BYTE = 0x6C, BYTE = 0x6C, BYTE = 0x6F, BYTE = 0x2C, BYTE = 0x20], BYTE = 0x00]
[00000114]: ARRAY = [ARRAY = [BYTE = 0x21], BYTE = 0x00]

Symbol Table: [[@start @ 0x00000008 : CODE], [@write_char @ 0x00000054 : CODE], [@read_char @ 0x00000068 : CODE], [@write_nl @ 0x0000007C : CODE], [@write_int @ 0x00000094 : CODE], [@read_int @ 0x000000A8 : CODE], [@write_float @ 0x000000BC : CODE], [@read_float @ 0x000000D0 : CODE], [@write_text @ 0x000000E4 : CODE], [@read_text @ 0x000000F8 : CODE], [@$STR1 @ 0x0000010C : DATA], [@$STR2 @ 0x00000114 : DATA]]
Code size: 268 bytes.
Data size: 10 bytes.
MACROS:
[_STD_FUNCTION [funcNum]]