; M2 Assembler Listing File

; CODE:
[00000000]: CALL 0x0004                   ; Hex:  0x2F 0x00 0x04 0x00   Binary:  00101111 00000000 00000100 00000000
[00000004]: HALT                          ; Hex:  0x01 0x00 0x00 0x00   Binary:  00000001 00000000 00000000 00000000
[00000008]: PUSH FP                       ; Hex:  0x31 0xE0 0x00 0x00   Binary:  00110001 11100000 00000000 00000000
[0000000C]: CPY FP, SP                    ; Hex:  0x18 0xED 0x00 0x00   Binary:  00011000 11101101 00000000 00000000
[00000010]: ADDI SP, 0xFFFC               ; Hex:  0x05 0xD0 0xFC 0xFF   Binary:  00000101 11010000 11111100 11111111
[00000014]: LODI R0, 0x00B8               ; Hex:  0x22 0x00 0xB8 0x00   Binary:  00100010 00000000 10111000 00000000
[00000018]: STOR *(FP-4), R0              ; Hex:  0x24 0xE0 0xFC 0xFF   Binary:  00100100 11100000 11111100 11111111
[0000001C]: LODI R0, 0x00BF               ; Hex:  0x22 0x00 0xBF 0x00   Binary:  00100010 00000000 10111111 00000000
[00000020]: PUSH R0                       ; Hex:  0x31 0x00 0x00 0x00   Binary:  00110001 00000000 00000000 00000000
[00000024]: CALL 0x007C                   ; Hex:  0x2F 0x00 0x7C 0x00   Binary:  00101111 00000000 01111100 00000000
[00000028]: LOD R0, *(FP-4)               ; Hex:  0x1F 0x0E 0xFC 0xFF   Binary:  00011111 00001110 11111100 11111111
[0000002C]: PUSH R0                       ; Hex:  0x31 0x00 0x00 0x00   Binary:  00110001 00000000 00000000 00000000
[00000030]: CALL 0x0070                   ; Hex:  0x2F 0x00 0x70 0x00   Binary:  00101111 00000000 01110000 00000000
[00000034]: LODI R0, 0x00C7               ; Hex:  0x22 0x00 0xC7 0x00   Binary:  00100010 00000000 11000111 00000000
[00000038]: PUSH R0                       ; Hex:  0x31 0x00 0x00 0x00   Binary:  00110001 00000000 00000000 00000000
[0000003C]: CALL 0x0064                   ; Hex:  0x2F 0x00 0x64 0x00   Binary:  00101111 00000000 01100100 00000000
[00000040]: CALL 0x0020                   ; Hex:  0x2F 0x00 0x20 0x00   Binary:  00101111 00000000 00100000 00000000
[00000044]: CPY SP, FP                    ; Hex:  0x18 0xDE 0x00 0x00   Binary:  00011000 11011110 00000000 00000000
[00000048]: POP FP                        ; Hex:  0x32 0xE0 0x00 0x00   Binary:  00110010 11100000 00000000 00000000
[0000004C]: RET                           ; Hex:  0x30 0x00 0x00 0x00   Binary:  00110000 00000000 00000000 00000000
[00000050]: PUSH IR                       ; Hex:  0x31 0x70 0x00 0x00   Binary:  00110001 01110000 00000000 00000000
[00000054]: LODI IR, 0x0000               ; Hex:  0x22 0x70 0x00 0x00   Binary:  00100010 01110000 00000000 00000000
[00000058]: INT 0x0001                    ; Hex:  0x2E 0x00 0x01 0x00   Binary:  00101110 00000000 00000001 00000000
[0000005C]: POP IR                        ; Hex:  0x32 0x70 0x00 0x00   Binary:  00110010 01110000 00000000 00000000
[00000060]: RET                           ; Hex:  0x30 0x00 0x00 0x00   Binary:  00110000 00000000 00000000 00000000
[00000064]: LODI R0, 0x000A               ; Hex:  0x22 0x00 0x0A 0x00   Binary:  00100010 00000000 00001010 00000000
[00000068]: PUSH IR                       ; Hex:  0x31 0x70 0x00 0x00   Binary:  00110001 01110000 00000000 00000000
[0000006C]: LODI IR, 0x0000               ; Hex:  0x22 0x70 0x00 0x00   Binary:  00100010 01110000 00000000 00000000
[00000070]: INT 0x0001                    ; Hex:  0x2E 0x00 0x01 0x00   Binary:  00101110 00000000 00000001 00000000
[00000074]: POP IR                        ; Hex:  0x32 0x70 0x00 0x00   Binary:  00110010 01110000 00000000 00000000
[00000078]: RET                           ; Hex:  0x30 0x00 0x00 0x00   Binary:  00110000 00000000 00000000 00000000
[0000007C]: PUSH IR                       ; Hex:  0x31 0x70 0x00 0x00   Binary:  00110001 01110000 00000000 00000000
[00000080]: LODI IR, 0x0002               ; Hex:  0x22 0x70 0x02 0x00   Binary:  00100010 01110000 00000010 00000000
[00000084]: INT 0x0001                    ; Hex:  0x2E 0x00 0x01 0x00   Binary:  00101110 00000000 00000001 00000000
[00000088]: POP IR                        ; Hex:  0x32 0x70 0x00 0x00   Binary:  00110010 01110000 00000000 00000000
[0000008C]: RET                           ; Hex:  0x30 0x00 0x00 0x00   Binary:  00110000 00000000 00000000 00000000
[00000090]: PUSH IR                       ; Hex:  0x31 0x70 0x00 0x00   Binary:  00110001 01110000 00000000 00000000
[00000094]: LODI IR, 0x0004               ; Hex:  0x22 0x70 0x04 0x00   Binary:  00100010 01110000 00000100 00000000
[00000098]: INT 0x0001                    ; Hex:  0x2E 0x00 0x01 0x00   Binary:  00101110 00000000 00000001 00000000
[0000009C]: POP IR                        ; Hex:  0x32 0x70 0x00 0x00   Binary:  00110010 01110000 00000000 00000000
[000000A0]: RET                           ; Hex:  0x30 0x00 0x00 0x00   Binary:  00110000 00000000 00000000 00000000
[000000A4]: PUSH IR                       ; Hex:  0x31 0x70 0x00 0x00   Binary:  00110001 01110000 00000000 00000000
[000000A8]: LODI IR, 0x0006               ; Hex:  0x22 0x70 0x06 0x00   Binary:  00100010 01110000 00000110 00000000
[000000AC]: INT 0x0001                    ; Hex:  0x2E 0x00 0x01 0x00   Binary:  00101110 00000000 00000001 00000000
[000000B0]: POP IR                        ; Hex:  0x32 0x70 0x00 0x00   Binary:  00110010 01110000 00000000 00000000
[000000B4]: RET                           ; Hex:  0x30 0x00 0x00 0x00   Binary:  00110000 00000000 00000000 00000000

; DATA:
[000000B8]: ARRAY = [ARRAY = [BYTE = 0x4F, BYTE = 0x64, BYTE = 0x69, BYTE = 0x6C, BYTE = 0x6F, BYTE = 0x6E], BYTE = 0x00]
[000000BF]: ARRAY = [ARRAY = [BYTE = 0x48, BYTE = 0x65, BYTE = 0x6C, BYTE = 0x6C, BYTE = 0x6F, BYTE = 0x2C, BYTE = 0x20], BYTE = 0x00]
[000000C7]: ARRAY = [ARRAY = [BYTE = 0x21], BYTE = 0x00]

Symbol Table: [[@start @ 0x00000008 : CODE], [@write_char @ 0x00000050 : CODE], [@write_nl @ 0x00000064 : CODE], [@write_int @ 0x0000007C : CODE], [@write_float @ 0x00000090 : CODE], [@write_text @ 0x000000A4 : CODE], [@$STR1 @ 0x000000B8 : DATA], [@$STR2 @ 0x000000BF : DATA], [@$STR3 @ 0x000000C7 : DATA]]
Code size: 184 bytes.
Data size: 17 bytes.
MACROS:
[_STD_FUNCTION [funcNum]]