; M2 Assembler Listing File

; CODE:
[00000000]: CALL 0x0004                   ; Hex:  0x2F 0x00 0x04 0x00   Binary:  00101111 00000000 00000100 00000000
[00000004]: HALT                          ; Hex:  0x01 0x00 0x00 0x00   Binary:  00000001 00000000 00000000 00000000
[00000008]: PUSH FP                       ; Hex:  0x31 0xE0 0x00 0x00   Binary:  00110001 11100000 00000000 00000000
[0000000C]: CPY FP, SP                    ; Hex:  0x18 0xED 0x00 0x00   Binary:  00011000 11101101 00000000 00000000
[00000010]: ADDI SP, 0xFFF8               ; Hex:  0x05 0xD0 0xF8 0xFF   Binary:  00000101 11010000 11111000 11111111
[00000014]: LODI R0, 0x0193               ; Hex:  0x22 0x00 0x93 0x01   Binary:  00100010 00000000 10010011 00000001
[00000018]: CALL 0x0134                   ; Hex:  0x2F 0x00 0x34 0x01   Binary:  00101111 00000000 00110100 00000001
[0000001C]: CALL 0x00D4                   ; Hex:  0x2F 0x00 0xD4 0x00   Binary:  00101111 00000000 11010100 00000000
[00000020]: STOR *(FP-4), R0              ; Hex:  0x24 0xE0 0xFC 0xFF   Binary:  00100100 11100000 11111100 11111111
[00000024]: LODI R0, 0x01A1               ; Hex:  0x22 0x00 0xA1 0x01   Binary:  00100010 00000000 10100001 00000001
[00000028]: CALL 0x0124                   ; Hex:  0x2F 0x00 0x24 0x01   Binary:  00101111 00000000 00100100 00000001
[0000002C]: CALL 0x00C4                   ; Hex:  0x2F 0x00 0xC4 0x00   Binary:  00101111 00000000 11000100 00000000
[00000030]: STOR *(FP-8), R0              ; Hex:  0x24 0xE0 0xF8 0xFF   Binary:  00100100 11100000 11111000 11111111
[00000034]: LOD R1, *(FP-4)               ; Hex:  0x1F 0x1E 0xFC 0xFF   Binary:  00011111 00011110 11111100 11111111
[00000038]: LOD R2, *(FP-8)               ; Hex:  0x1F 0x2E 0xF8 0xFF   Binary:  00011111 00101110 11111000 11111111
[0000003C]: CMP R1, R2                    ; Hex:  0x1C 0x12 0x00 0x00   Binary:  00011100 00010010 00000000 00000000
[00000040]: JGE 0x0010                    ; Hex:  0x2D 0x00 0x10 0x00   Binary:  00101101 00000000 00010000 00000000
[00000044]: LODI R0, 0x01AF               ; Hex:  0x22 0x00 0xAF 0x01   Binary:  00100010 00000000 10101111 00000001
[00000048]: CALL 0x0104                   ; Hex:  0x2F 0x00 0x04 0x01   Binary:  00101111 00000000 00000100 00000001
[0000004C]: CALL 0x0088                   ; Hex:  0x2F 0x00 0x88 0x00   Binary:  00101111 00000000 10001000 00000000
[00000050]: JMP 0x0034                    ; Hex:  0x27 0x00 0x34 0x00   Binary:  00100111 00000000 00110100 00000000
[00000054]: LOD R1, *(FP-8)               ; Hex:  0x1F 0x1E 0xF8 0xFF   Binary:  00011111 00011110 11111000 11111111
[00000058]: LOD R2, *(FP-4)               ; Hex:  0x1F 0x2E 0xFC 0xFF   Binary:  00011111 00101110 11111100 11111111
[0000005C]: CMP R1, R2                    ; Hex:  0x1C 0x12 0x00 0x00   Binary:  00011100 00010010 00000000 00000000
[00000060]: JGE 0x0010                    ; Hex:  0x2D 0x00 0x10 0x00   Binary:  00101101 00000000 00010000 00000000
[00000064]: LODI R0, 0x01BB               ; Hex:  0x22 0x00 0xBB 0x01   Binary:  00100010 00000000 10111011 00000001
[00000068]: CALL 0x00E4                   ; Hex:  0x2F 0x00 0xE4 0x00   Binary:  00101111 00000000 11100100 00000000
[0000006C]: CALL 0x0068                   ; Hex:  0x2F 0x00 0x68 0x00   Binary:  00101111 00000000 01101000 00000000
[00000070]: JMP 0x0010                    ; Hex:  0x27 0x00 0x10 0x00   Binary:  00100111 00000000 00010000 00000000
[00000074]: LODI R0, 0x01C7               ; Hex:  0x22 0x00 0xC7 0x01   Binary:  00100010 00000000 11000111 00000001
[00000078]: CALL 0x00D4                   ; Hex:  0x2F 0x00 0xD4 0x00   Binary:  00101111 00000000 11010100 00000000
[0000007C]: CALL 0x0058                   ; Hex:  0x2F 0x00 0x58 0x00   Binary:  00101111 00000000 01011000 00000000
[00000080]: JMP 0x0000                    ; Hex:  0x27 0x00 0x00 0x00   Binary:  00100111 00000000 00000000 00000000
[00000084]: JMP 0x0000                    ; Hex:  0x27 0x00 0x00 0x00   Binary:  00100111 00000000 00000000 00000000
[00000088]: CPY SP, FP                    ; Hex:  0x18 0xDE 0x00 0x00   Binary:  00011000 11011110 00000000 00000000
[0000008C]: POP FP                        ; Hex:  0x32 0xE0 0x00 0x00   Binary:  00110010 11100000 00000000 00000000
[00000090]: RET                           ; Hex:  0x30 0x00 0x00 0x00   Binary:  00110000 00000000 00000000 00000000
[00000094]: PUSH FP                       ; Hex:  0x31 0xE0 0x00 0x00   Binary:  00110001 11100000 00000000 00000000
[00000098]: CPY FP, SP                    ; Hex:  0x18 0xED 0x00 0x00   Binary:  00011000 11101101 00000000 00000000
[0000009C]: ADDI SP, 0xFFFC               ; Hex:  0x05 0xD0 0xFC 0xFF   Binary:  00000101 11010000 11111100 11111111
[000000A0]: LOD R0, *(FP+8)               ; Hex:  0x1F 0x0E 0x08 0x00   Binary:  00011111 00001110 00001000 00000000
[000000A4]: CALL 0x00A8                   ; Hex:  0x2F 0x00 0xA8 0x00   Binary:  00101111 00000000 10101000 00000000
[000000A8]: CALL 0x0048                   ; Hex:  0x2F 0x00 0x48 0x00   Binary:  00101111 00000000 01001000 00000000
[000000AC]: STOR *(FP-4), R1              ; Hex:  0x24 0xE1 0xFC 0xFF   Binary:  00100100 11100001 11111100 11111111
[000000B0]: LOD R0, *(FP-4)               ; Hex:  0x1F 0x0E 0xFC 0xFF   Binary:  00011111 00001110 11111100 11111111
[000000B4]: CPY SP, FP                    ; Hex:  0x18 0xDE 0x00 0x00   Binary:  00011000 11011110 00000000 00000000
[000000B8]: POP FP                        ; Hex:  0x32 0xE0 0x00 0x00   Binary:  00110010 11100000 00000000 00000000
[000000BC]: RET                           ; Hex:  0x30 0x00 0x00 0x00   Binary:  00110000 00000000 00000000 00000000
[000000C0]: LODI IR, 0x0000               ; Hex:  0x22 0x70 0x00 0x00   Binary:  00100010 01110000 00000000 00000000
[000000C4]: INT 0x0001                    ; Hex:  0x2E 0x00 0x01 0x00   Binary:  00101110 00000000 00000001 00000000
[000000C8]: RET                           ; Hex:  0x30 0x00 0x00 0x00   Binary:  00110000 00000000 00000000 00000000
[000000CC]: LODI IR, 0x0001               ; Hex:  0x22 0x70 0x01 0x00   Binary:  00100010 01110000 00000001 00000000
[000000D0]: INT 0x0001                    ; Hex:  0x2E 0x00 0x01 0x00   Binary:  00101110 00000000 00000001 00000000
[000000D4]: RET                           ; Hex:  0x30 0x00 0x00 0x00   Binary:  00110000 00000000 00000000 00000000
[000000D8]: LODI R0, 0x000A               ; Hex:  0x22 0x00 0x0A 0x00   Binary:  00100010 00000000 00001010 00000000
[000000DC]: LODI IR, 0x0000               ; Hex:  0x22 0x70 0x00 0x00   Binary:  00100010 01110000 00000000 00000000
[000000E0]: INT 0x0001                    ; Hex:  0x2E 0x00 0x01 0x00   Binary:  00101110 00000000 00000001 00000000
[000000E4]: RET                           ; Hex:  0x30 0x00 0x00 0x00   Binary:  00110000 00000000 00000000 00000000
[000000E8]: LODI IR, 0x0002               ; Hex:  0x22 0x70 0x02 0x00   Binary:  00100010 01110000 00000010 00000000
[000000EC]: INT 0x0001                    ; Hex:  0x2E 0x00 0x01 0x00   Binary:  00101110 00000000 00000001 00000000
[000000F0]: RET                           ; Hex:  0x30 0x00 0x00 0x00   Binary:  00110000 00000000 00000000 00000000
[000000F4]: LODI IR, 0x0003               ; Hex:  0x22 0x70 0x03 0x00   Binary:  00100010 01110000 00000011 00000000
[000000F8]: INT 0x0001                    ; Hex:  0x2E 0x00 0x01 0x00   Binary:  00101110 00000000 00000001 00000000
[000000FC]: JE 0x0018                     ; Hex:  0x28 0x00 0x18 0x00   Binary:  00101000 00000000 00011000 00000000
[00000100]: LODI R0, 0x0168               ; Hex:  0x22 0x00 0x68 0x01   Binary:  00100010 00000000 01101000 00000001
[00000104]: CALL 0x0048                   ; Hex:  0x2F 0x00 0x48 0x00   Binary:  00101111 00000000 01001000 00000000
[00000108]: LODI R0, 0x0175               ; Hex:  0x22 0x00 0x75 0x01   Binary:  00100010 00000000 01110101 00000001
[0000010C]: CALL 0x0040                   ; Hex:  0x2F 0x00 0x40 0x00   Binary:  00101111 00000000 01000000 00000000
[00000110]: CALL 0xFFC4                   ; Hex:  0x2F 0x00 0xC4 0xFF   Binary:  00101111 00000000 11000100 11111111
[00000114]: HALT                          ; Hex:  0x01 0x00 0x00 0x00   Binary:  00000001 00000000 00000000 00000000
[00000118]: RET                           ; Hex:  0x30 0x00 0x00 0x00   Binary:  00110000 00000000 00000000 00000000
[0000011C]: LODI IR, 0x0004               ; Hex:  0x22 0x70 0x04 0x00   Binary:  00100010 01110000 00000100 00000000
[00000120]: INT 0x0001                    ; Hex:  0x2E 0x00 0x01 0x00   Binary:  00101110 00000000 00000001 00000000
[00000124]: JE 0x0018                     ; Hex:  0x28 0x00 0x18 0x00   Binary:  00101000 00000000 00011000 00000000
[00000128]: LODI R0, 0x0168               ; Hex:  0x22 0x00 0x68 0x01   Binary:  00100010 00000000 01101000 00000001
[0000012C]: CALL 0x0020                   ; Hex:  0x2F 0x00 0x20 0x00   Binary:  00101111 00000000 00100000 00000000
[00000130]: LODI R0, 0x017D               ; Hex:  0x22 0x00 0x7D 0x01   Binary:  00100010 00000000 01111101 00000001
[00000134]: CALL 0x0018                   ; Hex:  0x2F 0x00 0x18 0x00   Binary:  00101111 00000000 00011000 00000000
[00000138]: CALL 0xFF9C                   ; Hex:  0x2F 0x00 0x9C 0xFF   Binary:  00101111 00000000 10011100 11111111
[0000013C]: HALT                          ; Hex:  0x01 0x00 0x00 0x00   Binary:  00000001 00000000 00000000 00000000
[00000140]: RET                           ; Hex:  0x30 0x00 0x00 0x00   Binary:  00110000 00000000 00000000 00000000
[00000144]: LODI IR, 0x0005               ; Hex:  0x22 0x70 0x05 0x00   Binary:  00100010 01110000 00000101 00000000
[00000148]: INT 0x0001                    ; Hex:  0x2E 0x00 0x01 0x00   Binary:  00101110 00000000 00000001 00000000
[0000014C]: RET                           ; Hex:  0x30 0x00 0x00 0x00   Binary:  00110000 00000000 00000000 00000000
[00000150]: LODI IR, 0x0006               ; Hex:  0x22 0x70 0x06 0x00   Binary:  00100010 01110000 00000110 00000000
[00000154]: INT 0x0001                    ; Hex:  0x2E 0x00 0x01 0x00   Binary:  00101110 00000000 00000001 00000000
[00000158]: RET                           ; Hex:  0x30 0x00 0x00 0x00   Binary:  00110000 00000000 00000000 00000000
[0000015C]: LODI IR, 0x0007               ; Hex:  0x22 0x70 0x07 0x00   Binary:  00100010 01110000 00000111 00000000
[00000160]: INT 0x0001                    ; Hex:  0x2E 0x00 0x01 0x00   Binary:  00101110 00000000 00000001 00000000
[00000164]: RET                           ; Hex:  0x30 0x00 0x00 0x00   Binary:  00110000 00000000 00000000 00000000

; DATA:
[00000168]: ARRAY = [ARRAY = [BYTE = 0x4E, BYTE = 0x6F, BYTE = 0x74, BYTE = 0x20, BYTE = 0x61, BYTE = 0x20, BYTE = 0x76, BYTE = 0x61, BYTE = 0x6C, BYTE = 0x69, BYTE = 0x64, BYTE = 0x20], BYTE = 0x00]
[00000175]: ARRAY = [ARRAY = [BYTE = 0x69, BYTE = 0x6E, BYTE = 0x74, BYTE = 0x65, BYTE = 0x67, BYTE = 0x65, BYTE = 0x72], BYTE = 0x00]
[0000017D]: ARRAY = [ARRAY = [BYTE = 0x66, BYTE = 0x6C, BYTE = 0x6F, BYTE = 0x61, BYTE = 0x74, BYTE = 0x69, BYTE = 0x6E, BYTE = 0x67, BYTE = 0x2D, BYTE = 0x70, BYTE = 0x6F, BYTE = 0x69, BYTE = 0x6E, BYTE = 0x74, BYTE = 0x20, BYTE = 0x6E, BYTE = 0x75, BYTE = 0x6D, BYTE = 0x62, BYTE = 0x65, BYTE = 0x72], BYTE = 0x00]
[00000193]: ARRAY = [ARRAY = [BYTE = 0x56, BYTE = 0x61, BYTE = 0x6C, BYTE = 0x75, BYTE = 0x65, BYTE = 0x20, BYTE = 0x66, BYTE = 0x6F, BYTE = 0x72, BYTE = 0x20, BYTE = 0x61, BYTE = 0x3A, BYTE = 0x20], BYTE = 0x00]
[000001A1]: ARRAY = [ARRAY = [BYTE = 0x56, BYTE = 0x61, BYTE = 0x6C, BYTE = 0x75, BYTE = 0x65, BYTE = 0x20, BYTE = 0x66, BYTE = 0x6F, BYTE = 0x72, BYTE = 0x20, BYTE = 0x62, BYTE = 0x3A, BYTE = 0x20], BYTE = 0x00]
[000001AF]: ARRAY = [ARRAY = [BYTE = 0x62, BYTE = 0x20, BYTE = 0x69, BYTE = 0x73, BYTE = 0x20, BYTE = 0x62, BYTE = 0x69, BYTE = 0x67, BYTE = 0x67, BYTE = 0x65, BYTE = 0x72], BYTE = 0x00]
[000001BB]: ARRAY = [ARRAY = [BYTE = 0x61, BYTE = 0x20, BYTE = 0x69, BYTE = 0x73, BYTE = 0x20, BYTE = 0x62, BYTE = 0x69, BYTE = 0x67, BYTE = 0x67, BYTE = 0x65, BYTE = 0x72], BYTE = 0x00]
[000001C7]: ARRAY = [ARRAY = [BYTE = 0x61, BYTE = 0x20, BYTE = 0x65, BYTE = 0x71, BYTE = 0x75, BYTE = 0x61, BYTE = 0x6C, BYTE = 0x73, BYTE = 0x20, BYTE = 0x62], BYTE = 0x00]

Symbol Table: [[@start @ 0x00000008 : CODE], [@L1 @ 0x00000054 : CODE], [@L3 @ 0x00000074 : CODE], [@L4 @ 0x00000084 : CODE], [@L2 @ 0x00000088 : CODE], [@getNum @ 0x00000094 : CODE], [@write_char @ 0x000000C0 : CODE], [@read_char @ 0x000000CC : CODE], [@write_nl @ 0x000000D8 : CODE], [@write_int @ 0x000000E8 : CODE], [@read_int @ 0x000000F4 : CODE], [@read_int@ok @ 0x00000118 : CODE], [@write_float @ 0x0000011C : CODE], [@read_float@ok @ 0x00000140 : CODE], [@read_float @ 0x00000144 : CODE], [@write_text @ 0x00000150 : CODE], [@read_text @ 0x0000015C : CODE], [@$MSG_INV @ 0x00000168 : DATA], [@$MSG_INT @ 0x00000175 : DATA], [@$MSG_FLT @ 0x0000017D : DATA], [@$TEXT1 @ 0x00000193 : DATA], [@$TEXT2 @ 0x000001A1 : DATA], [@$TEXT3 @ 0x000001AF : DATA], [@$TEXT4 @ 0x000001BB : DATA], [@$TEXT5 @ 0x000001C7 : DATA]]
Code size: 360 bytes.
Data size: 106 bytes.
MACROS:
[_STD_FUNCTION [funcNum]]