; M2 Assembler Listing File

; CODE:
[00000000]: LODI R0, 0x000A               ; Hex:  0x22 0x00 0x0A 0x00   Binary:  00100010 00000000 00001010 00000000
[00000004]: STOR *(DT+0), R0              ; Hex:  0x24 0x90 0x00 0x00   Binary:  00100100 10010000 00000000 00000000
[00000008]: LOD R0, *(DT+0)               ; Hex:  0x1F 0x09 0x00 0x00   Binary:  00011111 00001001 00000000 00000000
[0000000C]: ADDI R0, 0x0002               ; Hex:  0x05 0x00 0x02 0x00   Binary:  00000101 00000000 00000010 00000000
[00000010]: STOR *(DT+4), R0              ; Hex:  0x24 0x90 0x04 0x00   Binary:  00100100 10010000 00000100 00000000
[00000014]: LOD R0, *(DT+0)               ; Hex:  0x1F 0x09 0x00 0x00   Binary:  00011111 00001001 00000000 00000000
[00000018]: LOD R1, *(DT+4)               ; Hex:  0x1F 0x19 0x04 0x00   Binary:  00011111 00011001 00000100 00000000
[0000001C]: ADD R0, R1                    ; Hex:  0x04 0x01 0x00 0x00   Binary:  00000100 00000001 00000000 00000000
[00000020]: ADDI R0, 0x0003               ; Hex:  0x05 0x00 0x03 0x00   Binary:  00000101 00000000 00000011 00000000
[00000024]: CALL 0x0004                   ; Hex:  0x2F 0x00 0x04 0x00   Binary:  00101111 00000000 00000100 00000000
[00000028]: HALT                          ; Hex:  0x01 0x00 0x00 0x00   Binary:  00000001 00000000 00000000 00000000
[0000002C]: LODI IR, 0x0002               ; Hex:  0x22 0x70 0x02 0x00   Binary:  00100010 01110000 00000010 00000000
[00000030]: INT 0x0001                    ; Hex:  0x2E 0x00 0x01 0x00   Binary:  00101110 00000000 00000001 00000000
[00000034]: PUSH R0                       ; Hex:  0x31 0x00 0x00 0x00   Binary:  00110001 00000000 00000000 00000000
[00000038]: LODI IR, 0x0000               ; Hex:  0x22 0x70 0x00 0x00   Binary:  00100010 01110000 00000000 00000000
[0000003C]: LODI R0, 0x000A               ; Hex:  0x22 0x00 0x0A 0x00   Binary:  00100010 00000000 00001010 00000000
[00000040]: INT 0x0001                    ; Hex:  0x2E 0x00 0x01 0x00   Binary:  00101110 00000000 00000001 00000000
[00000044]: POP R0                        ; Hex:  0x32 0x00 0x00 0x00   Binary:  00110010 00000000 00000000 00000000
[00000048]: RET                           ; Hex:  0x30 0x00 0x00 0x00   Binary:  00110000 00000000 00000000 00000000

; DATA:
[0000004C]: WORD = 0
[00000050]: WORD = 0

Symbol Table: [[@WRITE_INT @ 0x0000002C : CODE], [@x @ 0x0000004C : DATA], [@y @ 0x00000050 : DATA]]
Code size: 76 bytes.
Data size: 8 bytes.