; M2 Assembler Listing File

; CODE:
[00000000]: CALL 0x0030                   ; Hex:  0x2F 0x00 0x30 0x00   Binary:  00101111 00000000 00110000 00000000
[00000004]: HALT                          ; Hex:  0x01 0x00 0x00 0x00   Binary:  00000001 00000000 00000000 00000000
[00000008]: PUSH FP                       ; Hex:  0x31 0xE0 0x00 0x00   Binary:  00110001 11100000 00000000 00000000
[0000000C]: CPY FP, SP                    ; Hex:  0x18 0xED 0x00 0x00   Binary:  00011000 11101101 00000000 00000000
[00000010]: LOD R0, *(FP+8)               ; Hex:  0x1F 0x0E 0x08 0x00   Binary:  00011111 00001110 00001000 00000000
[00000014]: LODI IR, 0x0002               ; Hex:  0x22 0x70 0x02 0x00   Binary:  00100010 01110000 00000010 00000000
[00000018]: INT 0x0001                    ; Hex:  0x2E 0x00 0x01 0x00   Binary:  00101110 00000000 00000001 00000000
[0000001C]: LODI R0, 0x000A               ; Hex:  0x22 0x00 0x0A 0x00   Binary:  00100010 00000000 00001010 00000000
[00000020]: LODI IR, 0x0000               ; Hex:  0x22 0x70 0x00 0x00   Binary:  00100010 01110000 00000000 00000000
[00000024]: INT 0x0001                    ; Hex:  0x2E 0x00 0x01 0x00   Binary:  00101110 00000000 00000001 00000000
[00000028]: CPY SP, FP                    ; Hex:  0x18 0xDE 0x00 0x00   Binary:  00011000 11011110 00000000 00000000
[0000002C]: POP FP                        ; Hex:  0x32 0xE0 0x00 0x00   Binary:  00110010 11100000 00000000 00000000
[00000030]: RET                           ; Hex:  0x30 0x00 0x00 0x00   Binary:  00110000 00000000 00000000 00000000
[00000034]: LODI R0, 0x0000               ; Hex:  0x22 0x00 0x00 0x00   Binary:  00100010 00000000 00000000 00000000
[00000038]: STOR *(DT+0), R0              ; Hex:  0x24 0x90 0x00 0x00   Binary:  00100100 10010000 00000000 00000000
[0000003C]: LOD R0, *(DT+0)               ; Hex:  0x1F 0x09 0x00 0x00   Binary:  00011111 00001001 00000000 00000000
[00000040]: CMPI R0, 0x000A               ; Hex:  0x1D 0x00 0x0A 0x00   Binary:  00011101 00000000 00001010 00000000
[00000044]: JGE 0x001C                    ; Hex:  0x2D 0x00 0x1C 0x00   Binary:  00101101 00000000 00011100 00000000
[00000048]: LOD R1, *(DT+0)               ; Hex:  0x1F 0x19 0x00 0x00   Binary:  00011111 00011001 00000000 00000000
[0000004C]: ADDI R1, 0x0001               ; Hex:  0x05 0x10 0x01 0x00   Binary:  00000101 00010000 00000001 00000000
[00000050]: STOR *(DT+0), R1              ; Hex:  0x24 0x91 0x00 0x00   Binary:  00100100 10010001 00000000 00000000
[00000054]: LOD R2, *(DT+0)               ; Hex:  0x1F 0x29 0x00 0x00   Binary:  00011111 00101001 00000000 00000000
[00000058]: PUSH R2                       ; Hex:  0x31 0x20 0x00 0x00   Binary:  00110001 00100000 00000000 00000000
[0000005C]: CALL 0xFFA8                   ; Hex:  0x2F 0x00 0xA8 0xFF   Binary:  00101111 00000000 10101000 11111111
[00000060]: JMP 0xFFD8                    ; Hex:  0x27 0x00 0xD8 0xFF   Binary:  00100111 00000000 11011000 11111111
[00000064]: RET                           ; Hex:  0x30 0x00 0x00 0x00   Binary:  00110000 00000000 00000000 00000000

Symbol Table: [[@write @ 0x00000008 : CODE], [@start @ 0x00000034 : CODE], [@L1 @ 0x0000003C : CODE], [@L2 @ 0x00000064 : CODE], [@i @ 0x00000068 : DATA]]
Code size: 104 bytes.
Uninitialized Data size: 4 bytes.