; M2 Assembler Listing File

; CODE:
[00000000]: CALL 0x0004                   ; Hex:  0x2F 0x00 0x04 0x00   Binary:  00101111 00000000 00000100 00000000
[00000004]: HALT                          ; Hex:  0x01 0x00 0x00 0x00   Binary:  00000001 00000000 00000000 00000000
[00000008]: PUSH FP                       ; Hex:  0x31 0xE0 0x00 0x00   Binary:  00110001 11100000 00000000 00000000
[0000000C]: CPY FP, SP                    ; Hex:  0x18 0xED 0x00 0x00   Binary:  00011000 11101101 00000000 00000000
[00000010]: ADDI SP, 0xFFFC               ; Hex:  0x05 0xD0 0xFC 0xFF   Binary:  00000101 11010000 11111100 11111111
[00000014]: LODI R0, 0x0002               ; Hex:  0x22 0x00 0x02 0x00   Binary:  00100010 00000000 00000010 00000000
[00000018]: ADDI R0, 0x0002               ; Hex:  0x05 0x00 0x02 0x00   Binary:  00000101 00000000 00000010 00000000
[0000001C]: STOR *(FP-4), R0              ; Hex:  0x24 0xE0 0xFC 0xFF   Binary:  00100100 11100000 11111100 11111111
[00000020]: LODI R2, 0x0002               ; Hex:  0x22 0x20 0x02 0x00   Binary:  00100010 00100000 00000010 00000000
[00000024]: LOD R1, *(FP-4)               ; Hex:  0x1F 0x1E 0xFC 0xFF   Binary:  00011111 00011110 11111100 11111111
[00000028]: MUL R1, R2                    ; Hex:  0x07 0x12 0x00 0x00   Binary:  00000111 00010010 00000000 00000000
[0000002C]: ADDI R1, 0x0001               ; Hex:  0x05 0x10 0x01 0x00   Binary:  00000101 00010000 00000001 00000000
[00000030]: LODI R0, 0x0002               ; Hex:  0x22 0x00 0x02 0x00   Binary:  00100010 00000000 00000010 00000000
[00000034]: CALL 0x007C                   ; Hex:  0x2F 0x00 0x7C 0x00   Binary:  00101111 00000000 01111100 00000000
[00000038]: LODI R0, 0x012C               ; Hex:  0x22 0x00 0x2C 0x01   Binary:  00100010 00000000 00101100 00000001
[0000003C]: CALL 0x00C4                   ; Hex:  0x2F 0x00 0xC4 0x00   Binary:  00101111 00000000 11000100 00000000
[00000040]: LOD R0, *(FP-4)               ; Hex:  0x1F 0x0E 0xFC 0xFF   Binary:  00011111 00001110 11111100 11111111
[00000044]: CALL 0x006C                   ; Hex:  0x2F 0x00 0x6C 0x00   Binary:  00101111 00000000 01101100 00000000
[00000048]: LODI R0, 0x012C               ; Hex:  0x22 0x00 0x2C 0x01   Binary:  00100010 00000000 00101100 00000001
[0000004C]: CALL 0x00B4                   ; Hex:  0x2F 0x00 0xB4 0x00   Binary:  00101111 00000000 10110100 00000000
[00000050]: LODI R0, 0x0006               ; Hex:  0x22 0x00 0x06 0x00   Binary:  00100010 00000000 00000110 00000000
[00000054]: CALL 0x005C                   ; Hex:  0x2F 0x00 0x5C 0x00   Binary:  00101111 00000000 01011100 00000000
[00000058]: LODI R0, 0x012C               ; Hex:  0x22 0x00 0x2C 0x01   Binary:  00100010 00000000 00101100 00000001
[0000005C]: CALL 0x00A4                   ; Hex:  0x2F 0x00 0xA4 0x00   Binary:  00101111 00000000 10100100 00000000
[00000060]: CPY R0, R1                    ; Hex:  0x18 0x01 0x00 0x00   Binary:  00011000 00000001 00000000 00000000
[00000064]: CALL 0x004C                   ; Hex:  0x2F 0x00 0x4C 0x00   Binary:  00101111 00000000 01001100 00000000
[00000068]: CPY SP, FP                    ; Hex:  0x18 0xDE 0x00 0x00   Binary:  00011000 11011110 00000000 00000000
[0000006C]: POP FP                        ; Hex:  0x32 0xE0 0x00 0x00   Binary:  00110010 11100000 00000000 00000000
[00000070]: RET                           ; Hex:  0x30 0x00 0x00 0x00   Binary:  00110000 00000000 00000000 00000000
[00000074]: PUSH IR                       ; Hex:  0x31 0x70 0x00 0x00   Binary:  00110001 01110000 00000000 00000000
[00000078]: LODI IR, 0x0000               ; Hex:  0x22 0x70 0x00 0x00   Binary:  00100010 01110000 00000000 00000000
[0000007C]: INT 0x0001                    ; Hex:  0x2E 0x00 0x01 0x00   Binary:  00101110 00000000 00000001 00000000
[00000080]: POP IR                        ; Hex:  0x32 0x70 0x00 0x00   Binary:  00110010 01110000 00000000 00000000
[00000084]: RET                           ; Hex:  0x30 0x00 0x00 0x00   Binary:  00110000 00000000 00000000 00000000
[00000088]: PUSH IR                       ; Hex:  0x31 0x70 0x00 0x00   Binary:  00110001 01110000 00000000 00000000
[0000008C]: LODI IR, 0x0001               ; Hex:  0x22 0x70 0x01 0x00   Binary:  00100010 01110000 00000001 00000000
[00000090]: INT 0x0001                    ; Hex:  0x2E 0x00 0x01 0x00   Binary:  00101110 00000000 00000001 00000000
[00000094]: POP IR                        ; Hex:  0x32 0x70 0x00 0x00   Binary:  00110010 01110000 00000000 00000000
[00000098]: RET                           ; Hex:  0x30 0x00 0x00 0x00   Binary:  00110000 00000000 00000000 00000000
[0000009C]: LODI R0, 0x000A               ; Hex:  0x22 0x00 0x0A 0x00   Binary:  00100010 00000000 00001010 00000000
[000000A0]: PUSH IR                       ; Hex:  0x31 0x70 0x00 0x00   Binary:  00110001 01110000 00000000 00000000
[000000A4]: LODI IR, 0x0000               ; Hex:  0x22 0x70 0x00 0x00   Binary:  00100010 01110000 00000000 00000000
[000000A8]: INT 0x0001                    ; Hex:  0x2E 0x00 0x01 0x00   Binary:  00101110 00000000 00000001 00000000
[000000AC]: POP IR                        ; Hex:  0x32 0x70 0x00 0x00   Binary:  00110010 01110000 00000000 00000000
[000000B0]: RET                           ; Hex:  0x30 0x00 0x00 0x00   Binary:  00110000 00000000 00000000 00000000
[000000B4]: PUSH IR                       ; Hex:  0x31 0x70 0x00 0x00   Binary:  00110001 01110000 00000000 00000000
[000000B8]: LODI IR, 0x0002               ; Hex:  0x22 0x70 0x02 0x00   Binary:  00100010 01110000 00000010 00000000
[000000BC]: INT 0x0001                    ; Hex:  0x2E 0x00 0x01 0x00   Binary:  00101110 00000000 00000001 00000000
[000000C0]: POP IR                        ; Hex:  0x32 0x70 0x00 0x00   Binary:  00110010 01110000 00000000 00000000
[000000C4]: RET                           ; Hex:  0x30 0x00 0x00 0x00   Binary:  00110000 00000000 00000000 00000000
[000000C8]: PUSH IR                       ; Hex:  0x31 0x70 0x00 0x00   Binary:  00110001 01110000 00000000 00000000
[000000CC]: LODI IR, 0x0003               ; Hex:  0x22 0x70 0x03 0x00   Binary:  00100010 01110000 00000011 00000000
[000000D0]: INT 0x0001                    ; Hex:  0x2E 0x00 0x01 0x00   Binary:  00101110 00000000 00000001 00000000
[000000D4]: POP IR                        ; Hex:  0x32 0x70 0x00 0x00   Binary:  00110010 01110000 00000000 00000000
[000000D8]: RET                           ; Hex:  0x30 0x00 0x00 0x00   Binary:  00110000 00000000 00000000 00000000
[000000DC]: PUSH IR                       ; Hex:  0x31 0x70 0x00 0x00   Binary:  00110001 01110000 00000000 00000000
[000000E0]: LODI IR, 0x0004               ; Hex:  0x22 0x70 0x04 0x00   Binary:  00100010 01110000 00000100 00000000
[000000E4]: INT 0x0001                    ; Hex:  0x2E 0x00 0x01 0x00   Binary:  00101110 00000000 00000001 00000000
[000000E8]: POP IR                        ; Hex:  0x32 0x70 0x00 0x00   Binary:  00110010 01110000 00000000 00000000
[000000EC]: RET                           ; Hex:  0x30 0x00 0x00 0x00   Binary:  00110000 00000000 00000000 00000000
[000000F0]: PUSH IR                       ; Hex:  0x31 0x70 0x00 0x00   Binary:  00110001 01110000 00000000 00000000
[000000F4]: LODI IR, 0x0005               ; Hex:  0x22 0x70 0x05 0x00   Binary:  00100010 01110000 00000101 00000000
[000000F8]: INT 0x0001                    ; Hex:  0x2E 0x00 0x01 0x00   Binary:  00101110 00000000 00000001 00000000
[000000FC]: POP IR                        ; Hex:  0x32 0x70 0x00 0x00   Binary:  00110010 01110000 00000000 00000000
[00000100]: RET                           ; Hex:  0x30 0x00 0x00 0x00   Binary:  00110000 00000000 00000000 00000000
[00000104]: PUSH IR                       ; Hex:  0x31 0x70 0x00 0x00   Binary:  00110001 01110000 00000000 00000000
[00000108]: LODI IR, 0x0006               ; Hex:  0x22 0x70 0x06 0x00   Binary:  00100010 01110000 00000110 00000000
[0000010C]: INT 0x0001                    ; Hex:  0x2E 0x00 0x01 0x00   Binary:  00101110 00000000 00000001 00000000
[00000110]: POP IR                        ; Hex:  0x32 0x70 0x00 0x00   Binary:  00110010 01110000 00000000 00000000
[00000114]: RET                           ; Hex:  0x30 0x00 0x00 0x00   Binary:  00110000 00000000 00000000 00000000
[00000118]: PUSH IR                       ; Hex:  0x31 0x70 0x00 0x00   Binary:  00110001 01110000 00000000 00000000
[0000011C]: LODI IR, 0x0007               ; Hex:  0x22 0x70 0x07 0x00   Binary:  00100010 01110000 00000111 00000000
[00000120]: INT 0x0001                    ; Hex:  0x2E 0x00 0x01 0x00   Binary:  00101110 00000000 00000001 00000000
[00000124]: POP IR                        ; Hex:  0x32 0x70 0x00 0x00   Binary:  00110010 01110000 00000000 00000000
[00000128]: RET                           ; Hex:  0x30 0x00 0x00 0x00   Binary:  00110000 00000000 00000000 00000000

; DATA:
[0000012C]: ARRAY = [ARRAY = [BYTE = 0x20], BYTE = 0x00]

Symbol Table: [[@start @ 0x00000008 : CODE], [@write_char @ 0x00000074 : CODE], [@read_char @ 0x00000088 : CODE], [@write_nl @ 0x0000009C : CODE], [@write_int @ 0x000000B4 : CODE], [@read_int @ 0x000000C8 : CODE], [@write_float @ 0x000000DC : CODE], [@read_float @ 0x000000F0 : CODE], [@write_text @ 0x00000104 : CODE], [@read_text @ 0x00000118 : CODE], [@$STR1 @ 0x0000012C : DATA]]
Code size: 300 bytes.
Data size: 2 bytes.
MACROS:
[_STD_FUNCTION [funcNum]]